[WARN ] 2023-07-24 07:50:20.953 [main] ZipPackage - Error in zip file C:\Users\sanal\SeleniumFramework\SeleniumFrameworkArtifactIDexcel - falling back to stream processing (i.e. ignoring zip central directory)
[DEBUG] 2023-07-24 07:58:31.700 [main] PackageRelationshipCollection - Parsing relationship: /xl/_rels/workbook.xml.rels
[DEBUG] 2023-07-24 07:58:31.707 [main] PackageRelationshipCollection - Parsing relationship: /xl/worksheets/_rels/sheet1.xml.rels
[DEBUG] 2023-07-24 07:58:31.708 [main] PackageRelationshipCollection - Parsing relationship: /_rels/.rels
[TRACE] 2023-07-24 07:58:31.930 [main] XBeanDebug - Loading type system org.apache.poi.schemas.ooxml.system.ooxml
[TRACE] 2023-07-24 07:58:31.935 [main] XBeanDebug - Loading type system org.apache.xmlbeans.metadata.system.sXMLCONFIG
[TRACE] 2023-07-24 07:58:31.937 [main] XBeanDebug - Loading type system org.apache.xmlbeans.metadata.system.sXMLLANG
[TRACE] 2023-07-24 07:58:31.937 [main] XBeanDebug - Loading type system org.apache.xmlbeans.metadata.system.sXMLSCHEMA
[TRACE] 2023-07-24 07:58:31.938 [main] XBeanDebug - Loading type system org.apache.xmlbeans.metadata.system.sXMLTOOLS
[TRACE] 2023-07-24 07:58:31.939 [main] XBeanDebug - Reading unresolved handles for type system org.apache.xmlbeans.metadata.system.sXMLTOOLS
[TRACE] 2023-07-24 07:58:31.960 [main] XBeanDebug - Finished loading type system org.apache.xmlbeans.metadata.system.sXMLTOOLS
[TRACE] 2023-07-24 07:58:31.961 [main] XBeanDebug - Reading unresolved handles for type system org.apache.xmlbeans.metadata.system.sXMLSCHEMA
[TRACE] 2023-07-24 07:58:31.967 [main] XBeanDebug - Finished loading type system org.apache.xmlbeans.metadata.system.sXMLSCHEMA
[TRACE] 2023-07-24 07:58:31.969 [main] XBeanDebug - Reading unresolved handles for type system org.apache.xmlbeans.metadata.system.sXMLLANG
[TRACE] 2023-07-24 07:58:31.970 [main] XBeanDebug - Finished loading type system org.apache.xmlbeans.metadata.system.sXMLLANG
[TRACE] 2023-07-24 07:58:31.971 [main] XBeanDebug - Reading unresolved handles for type system org.apache.xmlbeans.metadata.system.sXMLCONFIG
[TRACE] 2023-07-24 07:58:31.972 [main] XBeanDebug - Finished loading type system org.apache.xmlbeans.metadata.system.sXMLCONFIG
[TRACE] 2023-07-24 07:58:31.973 [main] XBeanDebug - Reading unresolved handles for type system org.apache.poi.schemas.ooxml.system.ooxml
[TRACE] 2023-07-24 07:58:32.016 [main] XBeanDebug - Finished loading type system org.apache.poi.schemas.ooxml.system.ooxml
[TRACE] 2023-07-24 07:58:32.017 [main] XBeanDebug - Resolving type for handle themefd26doctype
[TRACE] 2023-07-24 07:58:32.078 [main] XBeanDebug - Resolving type for handle stylesheet5d8bdoctype
[TRACE] 2023-07-24 07:58:32.083 [main] XBeanDebug - Resolving type for handle ctstylesheet4257type
[TRACE] 2023-07-24 07:58:32.087 [main] XBeanDebug - Resolving type for handle ctfonts6623type
[TRACE] 2023-07-24 07:58:32.090 [main] XBeanDebug - Resolving type for handle ctfont14d8type
[TRACE] 2023-07-24 07:58:32.095 [main] XBeanDebug - Resolving type for handle ctfills2c6ftype
[TRACE] 2023-07-24 07:58:32.097 [main] XBeanDebug - Resolving type for handle ctfill550ctype
[TRACE] 2023-07-24 07:58:32.099 [main] XBeanDebug - Resolving type for handle ctborders0d66type
[TRACE] 2023-07-24 07:58:32.101 [main] XBeanDebug - Resolving type for handle ctborderf935type
[TRACE] 2023-07-24 07:58:32.104 [main] XBeanDebug - Resolving type for handle ctcellxfs1322type
[TRACE] 2023-07-24 07:58:32.106 [main] XBeanDebug - Resolving type for handle ctxf97f7type
[TRACE] 2023-07-24 07:58:32.109 [main] XBeanDebug - Resolving type for handle ctcellstylexfsa81ftype
[TRACE] 2023-07-24 07:58:32.111 [main] XBeanDebug - Resolving type for handle ctdxfsb26atype
[TRACE] 2023-07-24 07:58:32.113 [main] XBeanDebug - Resolving type for handle cttablestyles872ftype
[TRACE] 2023-07-24 07:58:32.115 [main] XBeanDebug - Resolving type for handle sstf81fdoctype
[TRACE] 2023-07-24 07:58:32.119 [main] XBeanDebug - Resolving type for handle ctsst44f3type
[TRACE] 2023-07-24 07:58:32.128 [main] XBeanDebug - Resolving type for handle ctrsta472type
[DEBUG] 2023-07-24 07:58:32.140 [main] POIXMLFactory - using default POIXMLDocumentPart for http://schemas.openxmlformats.org/officeDocument/2006/relationships/printerSettings
[TRACE] 2023-07-24 07:58:32.141 [main] XBeanDebug - Resolving type for handle workbookec17doctype
[TRACE] 2023-07-24 07:58:32.145 [main] XBeanDebug - Resolving type for handle ctworkbook83c3type
[TRACE] 2023-07-24 07:58:32.151 [main] XBeanDebug - Resolving type for handle ctsheets49fdtype
[TRACE] 2023-07-24 07:58:32.153 [main] XBeanDebug - Resolving type for handle ctsheet4dbetype
[TRACE] 2023-07-24 07:58:32.156 [main] XBeanDebug - Resolving type for handle strelationshipid1e94type
[TRACE] 2023-07-24 07:58:32.159 [main] XBeanDebug - Resolving type for handle worksheetf539doctype
[TRACE] 2023-07-24 07:58:32.163 [main] XBeanDebug - Resolving type for handle ctworksheet530dtype
[TRACE] 2023-07-24 07:58:32.170 [main] XBeanDebug - Resolving type for handle ctsheetdata8408type
[TRACE] 2023-07-24 07:58:32.172 [main] XBeanDebug - Resolving type for handle ctrowdd39type
[TRACE] 2023-07-24 07:58:32.178 [main] XBeanDebug - Resolving type for handle ctcell842btype
[TRACE] 2023-07-24 07:58:32.183 [main] XBeanDebug - Resolving type for handle stcellrefe4e0type
[TRACE] 2023-07-24 07:58:32.189 [main] XBeanDebug - Resolving type for handle ctcols627ctype
[TRACE] 2023-07-24 07:58:32.204 [main] XBeanDebug - Resolving type for handle stxstringf179type
[DEBUG] 2023-07-24 08:05:08.978 [main] PackageRelationshipCollection - Parsing relationship: /xl/_rels/workbook.xml.rels
[DEBUG] 2023-07-24 08:05:08.984 [main] PackageRelationshipCollection - Parsing relationship: /xl/worksheets/_rels/sheet1.xml.rels
[DEBUG] 2023-07-24 08:05:08.986 [main] PackageRelationshipCollection - Parsing relationship: /_rels/.rels
[TRACE] 2023-07-24 08:05:09.192 [main] XBeanDebug - Loading type system org.apache.poi.schemas.ooxml.system.ooxml
[TRACE] 2023-07-24 08:05:09.195 [main] XBeanDebug - Loading type system org.apache.xmlbeans.metadata.system.sXMLCONFIG
[TRACE] 2023-07-24 08:05:09.196 [main] XBeanDebug - Loading type system org.apache.xmlbeans.metadata.system.sXMLLANG
[TRACE] 2023-07-24 08:05:09.197 [main] XBeanDebug - Loading type system org.apache.xmlbeans.metadata.system.sXMLSCHEMA
[TRACE] 2023-07-24 08:05:09.197 [main] XBeanDebug - Loading type system org.apache.xmlbeans.metadata.system.sXMLTOOLS
[TRACE] 2023-07-24 08:05:09.199 [main] XBeanDebug - Reading unresolved handles for type system org.apache.xmlbeans.metadata.system.sXMLTOOLS
[TRACE] 2023-07-24 08:05:09.223 [main] XBeanDebug - Finished loading type system org.apache.xmlbeans.metadata.system.sXMLTOOLS
[TRACE] 2023-07-24 08:05:09.225 [main] XBeanDebug - Reading unresolved handles for type system org.apache.xmlbeans.metadata.system.sXMLSCHEMA
[TRACE] 2023-07-24 08:05:09.230 [main] XBeanDebug - Finished loading type system org.apache.xmlbeans.metadata.system.sXMLSCHEMA
[TRACE] 2023-07-24 08:05:09.232 [main] XBeanDebug - Reading unresolved handles for type system org.apache.xmlbeans.metadata.system.sXMLLANG
[TRACE] 2023-07-24 08:05:09.233 [main] XBeanDebug - Finished loading type system org.apache.xmlbeans.metadata.system.sXMLLANG
[TRACE] 2023-07-24 08:05:09.234 [main] XBeanDebug - Reading unresolved handles for type system org.apache.xmlbeans.metadata.system.sXMLCONFIG
[TRACE] 2023-07-24 08:05:09.235 [main] XBeanDebug - Finished loading type system org.apache.xmlbeans.metadata.system.sXMLCONFIG
[TRACE] 2023-07-24 08:05:09.236 [main] XBeanDebug - Reading unresolved handles for type system org.apache.poi.schemas.ooxml.system.ooxml
[TRACE] 2023-07-24 08:05:09.279 [main] XBeanDebug - Finished loading type system org.apache.poi.schemas.ooxml.system.ooxml
[TRACE] 2023-07-24 08:05:09.279 [main] XBeanDebug - Resolving type for handle themefd26doctype
[TRACE] 2023-07-24 08:05:09.332 [main] XBeanDebug - Resolving type for handle stylesheet5d8bdoctype
[TRACE] 2023-07-24 08:05:09.337 [main] XBeanDebug - Resolving type for handle ctstylesheet4257type
[TRACE] 2023-07-24 08:05:09.343 [main] XBeanDebug - Resolving type for handle ctfonts6623type
[TRACE] 2023-07-24 08:05:09.347 [main] XBeanDebug - Resolving type for handle ctfont14d8type
[TRACE] 2023-07-24 08:05:09.352 [main] XBeanDebug - Resolving type for handle ctfills2c6ftype
[TRACE] 2023-07-24 08:05:09.354 [main] XBeanDebug - Resolving type for handle ctfill550ctype
[TRACE] 2023-07-24 08:05:09.357 [main] XBeanDebug - Resolving type for handle ctborders0d66type
[TRACE] 2023-07-24 08:05:09.359 [main] XBeanDebug - Resolving type for handle ctborderf935type
[TRACE] 2023-07-24 08:05:09.363 [main] XBeanDebug - Resolving type for handle ctcellxfs1322type
[TRACE] 2023-07-24 08:05:09.365 [main] XBeanDebug - Resolving type for handle ctxf97f7type
[TRACE] 2023-07-24 08:05:09.368 [main] XBeanDebug - Resolving type for handle ctcellstylexfsa81ftype
[TRACE] 2023-07-24 08:05:09.369 [main] XBeanDebug - Resolving type for handle ctdxfsb26atype
[TRACE] 2023-07-24 08:05:09.372 [main] XBeanDebug - Resolving type for handle cttablestyles872ftype
[TRACE] 2023-07-24 08:05:09.374 [main] XBeanDebug - Resolving type for handle sstf81fdoctype
[TRACE] 2023-07-24 08:05:09.380 [main] XBeanDebug - Resolving type for handle ctsst44f3type
[TRACE] 2023-07-24 08:05:09.387 [main] XBeanDebug - Resolving type for handle ctrsta472type
[DEBUG] 2023-07-24 08:05:09.399 [main] POIXMLFactory - using default POIXMLDocumentPart for http://schemas.openxmlformats.org/officeDocument/2006/relationships/printerSettings
[TRACE] 2023-07-24 08:05:09.400 [main] XBeanDebug - Resolving type for handle workbookec17doctype
[TRACE] 2023-07-24 08:05:09.403 [main] XBeanDebug - Resolving type for handle ctworkbook83c3type
[TRACE] 2023-07-24 08:05:09.408 [main] XBeanDebug - Resolving type for handle ctsheets49fdtype
[TRACE] 2023-07-24 08:05:09.410 [main] XBeanDebug - Resolving type for handle ctsheet4dbetype
[TRACE] 2023-07-24 08:05:09.412 [main] XBeanDebug - Resolving type for handle strelationshipid1e94type
[TRACE] 2023-07-24 08:05:09.415 [main] XBeanDebug - Resolving type for handle worksheetf539doctype
[TRACE] 2023-07-24 08:05:09.419 [main] XBeanDebug - Resolving type for handle ctworksheet530dtype
[TRACE] 2023-07-24 08:05:09.426 [main] XBeanDebug - Resolving type for handle ctsheetdata8408type
[TRACE] 2023-07-24 08:05:09.428 [main] XBeanDebug - Resolving type for handle ctrowdd39type
[TRACE] 2023-07-24 08:05:09.432 [main] XBeanDebug - Resolving type for handle ctcell842btype
[TRACE] 2023-07-24 08:05:09.438 [main] XBeanDebug - Resolving type for handle stcellrefe4e0type
[TRACE] 2023-07-24 08:05:09.443 [main] XBeanDebug - Resolving type for handle ctcols627ctype
[TRACE] 2023-07-24 08:05:09.457 [main] XBeanDebug - Resolving type for handle stxstringf179type
[TRACE] 2023-07-24 08:05:09.460 [main] XBeanDebug - Resolving type for handle stcelltypebf95type
[DEBUG] 2023-07-24 08:09:13.199 [main] PackageRelationshipCollection - Parsing relationship: /xl/_rels/workbook.xml.rels
[DEBUG] 2023-07-24 08:09:13.217 [main] PackageRelationshipCollection - Parsing relationship: /xl/worksheets/_rels/sheet1.xml.rels
[DEBUG] 2023-07-24 08:09:13.218 [main] PackageRelationshipCollection - Parsing relationship: /_rels/.rels
[TRACE] 2023-07-24 08:09:13.408 [main] XBeanDebug - Loading type system org.apache.poi.schemas.ooxml.system.ooxml
[TRACE] 2023-07-24 08:09:13.411 [main] XBeanDebug - Loading type system org.apache.xmlbeans.metadata.system.sXMLCONFIG
[TRACE] 2023-07-24 08:09:13.412 [main] XBeanDebug - Loading type system org.apache.xmlbeans.metadata.system.sXMLLANG
[TRACE] 2023-07-24 08:09:13.412 [main] XBeanDebug - Loading type system org.apache.xmlbeans.metadata.system.sXMLSCHEMA
[TRACE] 2023-07-24 08:09:13.413 [main] XBeanDebug - Loading type system org.apache.xmlbeans.metadata.system.sXMLTOOLS
[TRACE] 2023-07-24 08:09:13.414 [main] XBeanDebug - Reading unresolved handles for type system org.apache.xmlbeans.metadata.system.sXMLTOOLS
[TRACE] 2023-07-24 08:09:13.436 [main] XBeanDebug - Finished loading type system org.apache.xmlbeans.metadata.system.sXMLTOOLS
[TRACE] 2023-07-24 08:09:13.437 [main] XBeanDebug - Reading unresolved handles for type system org.apache.xmlbeans.metadata.system.sXMLSCHEMA
[TRACE] 2023-07-24 08:09:13.442 [main] XBeanDebug - Finished loading type system org.apache.xmlbeans.metadata.system.sXMLSCHEMA
[TRACE] 2023-07-24 08:09:13.444 [main] XBeanDebug - Reading unresolved handles for type system org.apache.xmlbeans.metadata.system.sXMLLANG
[TRACE] 2023-07-24 08:09:13.445 [main] XBeanDebug - Finished loading type system org.apache.xmlbeans.metadata.system.sXMLLANG
[TRACE] 2023-07-24 08:09:13.446 [main] XBeanDebug - Reading unresolved handles for type system org.apache.xmlbeans.metadata.system.sXMLCONFIG
[TRACE] 2023-07-24 08:09:13.447 [main] XBeanDebug - Finished loading type system org.apache.xmlbeans.metadata.system.sXMLCONFIG
[TRACE] 2023-07-24 08:09:13.448 [main] XBeanDebug - Reading unresolved handles for type system org.apache.poi.schemas.ooxml.system.ooxml
[TRACE] 2023-07-24 08:09:13.494 [main] XBeanDebug - Finished loading type system org.apache.poi.schemas.ooxml.system.ooxml
[TRACE] 2023-07-24 08:09:13.495 [main] XBeanDebug - Resolving type for handle themefd26doctype
[TRACE] 2023-07-24 08:09:13.552 [main] XBeanDebug - Resolving type for handle stylesheet5d8bdoctype
[TRACE] 2023-07-24 08:09:13.558 [main] XBeanDebug - Resolving type for handle ctstylesheet4257type
[TRACE] 2023-07-24 08:09:13.564 [main] XBeanDebug - Resolving type for handle ctfonts6623type
[TRACE] 2023-07-24 08:09:13.568 [main] XBeanDebug - Resolving type for handle ctfont14d8type
[TRACE] 2023-07-24 08:09:13.574 [main] XBeanDebug - Resolving type for handle ctfills2c6ftype
[TRACE] 2023-07-24 08:09:13.577 [main] XBeanDebug - Resolving type for handle ctfill550ctype
[TRACE] 2023-07-24 08:09:13.578 [main] XBeanDebug - Resolving type for handle ctborders0d66type
[TRACE] 2023-07-24 08:09:13.581 [main] XBeanDebug - Resolving type for handle ctborderf935type
[TRACE] 2023-07-24 08:09:13.584 [main] XBeanDebug - Resolving type for handle ctcellxfs1322type
[TRACE] 2023-07-24 08:09:13.586 [main] XBeanDebug - Resolving type for handle ctxf97f7type
[TRACE] 2023-07-24 08:09:13.589 [main] XBeanDebug - Resolving type for handle ctcellstylexfsa81ftype
[TRACE] 2023-07-24 08:09:13.591 [main] XBeanDebug - Resolving type for handle ctdxfsb26atype
[TRACE] 2023-07-24 08:09:13.593 [main] XBeanDebug - Resolving type for handle cttablestyles872ftype
[TRACE] 2023-07-24 08:09:13.596 [main] XBeanDebug - Resolving type for handle sstf81fdoctype
[TRACE] 2023-07-24 08:09:13.601 [main] XBeanDebug - Resolving type for handle ctsst44f3type
[TRACE] 2023-07-24 08:09:13.609 [main] XBeanDebug - Resolving type for handle ctrsta472type
[DEBUG] 2023-07-24 08:09:13.621 [main] POIXMLFactory - using default POIXMLDocumentPart for http://schemas.openxmlformats.org/officeDocument/2006/relationships/printerSettings
[TRACE] 2023-07-24 08:09:13.622 [main] XBeanDebug - Resolving type for handle workbookec17doctype
[TRACE] 2023-07-24 08:09:13.625 [main] XBeanDebug - Resolving type for handle ctworkbook83c3type
[TRACE] 2023-07-24 08:09:13.630 [main] XBeanDebug - Resolving type for handle ctsheets49fdtype
[TRACE] 2023-07-24 08:09:13.632 [main] XBeanDebug - Resolving type for handle ctsheet4dbetype
[TRACE] 2023-07-24 08:09:13.636 [main] XBeanDebug - Resolving type for handle strelationshipid1e94type
[TRACE] 2023-07-24 08:09:13.638 [main] XBeanDebug - Resolving type for handle worksheetf539doctype
[TRACE] 2023-07-24 08:09:13.644 [main] XBeanDebug - Resolving type for handle ctworksheet530dtype
[TRACE] 2023-07-24 08:09:13.652 [main] XBeanDebug - Resolving type for handle ctsheetdata8408type
[TRACE] 2023-07-24 08:09:13.654 [main] XBeanDebug - Resolving type for handle ctrowdd39type
[TRACE] 2023-07-24 08:09:13.660 [main] XBeanDebug - Resolving type for handle ctcell842btype
[TRACE] 2023-07-24 08:09:13.666 [main] XBeanDebug - Resolving type for handle stcellrefe4e0type
[TRACE] 2023-07-24 08:09:13.672 [main] XBeanDebug - Resolving type for handle ctcols627ctype
[TRACE] 2023-07-24 08:09:13.686 [main] XBeanDebug - Resolving type for handle stxstringf179type
[TRACE] 2023-07-24 08:09:13.688 [main] XBeanDebug - Resolving type for handle stcelltypebf95type
[DEBUG] 2023-07-24 08:31:27.127 [main] PackageRelationshipCollection - Parsing relationship: /xl/_rels/workbook.xml.rels
[DEBUG] 2023-07-24 08:31:27.134 [main] PackageRelationshipCollection - Parsing relationship: /xl/worksheets/_rels/sheet1.xml.rels
[DEBUG] 2023-07-24 08:31:27.135 [main] PackageRelationshipCollection - Parsing relationship: /_rels/.rels
[TRACE] 2023-07-24 08:31:27.392 [main] XBeanDebug - Loading type system org.apache.poi.schemas.ooxml.system.ooxml
[TRACE] 2023-07-24 08:31:27.397 [main] XBeanDebug - Loading type system org.apache.xmlbeans.metadata.system.sXMLCONFIG
[TRACE] 2023-07-24 08:31:27.399 [main] XBeanDebug - Loading type system org.apache.xmlbeans.metadata.system.sXMLLANG
[TRACE] 2023-07-24 08:31:27.400 [main] XBeanDebug - Loading type system org.apache.xmlbeans.metadata.system.sXMLSCHEMA
[TRACE] 2023-07-24 08:31:27.401 [main] XBeanDebug - Loading type system org.apache.xmlbeans.metadata.system.sXMLTOOLS
[TRACE] 2023-07-24 08:31:27.402 [main] XBeanDebug - Reading unresolved handles for type system org.apache.xmlbeans.metadata.system.sXMLTOOLS
[TRACE] 2023-07-24 08:31:27.427 [main] XBeanDebug - Finished loading type system org.apache.xmlbeans.metadata.system.sXMLTOOLS
[TRACE] 2023-07-24 08:31:27.428 [main] XBeanDebug - Reading unresolved handles for type system org.apache.xmlbeans.metadata.system.sXMLSCHEMA
[TRACE] 2023-07-24 08:31:27.434 [main] XBeanDebug - Finished loading type system org.apache.xmlbeans.metadata.system.sXMLSCHEMA
[TRACE] 2023-07-24 08:31:27.436 [main] XBeanDebug - Reading unresolved handles for type system org.apache.xmlbeans.metadata.system.sXMLLANG
[TRACE] 2023-07-24 08:31:27.436 [main] XBeanDebug - Finished loading type system org.apache.xmlbeans.metadata.system.sXMLLANG
[TRACE] 2023-07-24 08:31:27.439 [main] XBeanDebug - Reading unresolved handles for type system org.apache.xmlbeans.metadata.system.sXMLCONFIG
[TRACE] 2023-07-24 08:31:27.441 [main] XBeanDebug - Finished loading type system org.apache.xmlbeans.metadata.system.sXMLCONFIG
[TRACE] 2023-07-24 08:31:27.442 [main] XBeanDebug - Reading unresolved handles for type system org.apache.poi.schemas.ooxml.system.ooxml
[TRACE] 2023-07-24 08:31:27.502 [main] XBeanDebug - Finished loading type system org.apache.poi.schemas.ooxml.system.ooxml
[TRACE] 2023-07-24 08:31:27.503 [main] XBeanDebug - Resolving type for handle themefd26doctype
[TRACE] 2023-07-24 08:31:27.578 [main] XBeanDebug - Resolving type for handle stylesheet5d8bdoctype
[TRACE] 2023-07-24 08:31:27.585 [main] XBeanDebug - Resolving type for handle ctstylesheet4257type
[TRACE] 2023-07-24 08:31:27.595 [main] XBeanDebug - Resolving type for handle ctfonts6623type
[TRACE] 2023-07-24 08:31:27.599 [main] XBeanDebug - Resolving type for handle ctfont14d8type
[TRACE] 2023-07-24 08:31:27.610 [main] XBeanDebug - Resolving type for handle ctfills2c6ftype
[TRACE] 2023-07-24 08:31:27.613 [main] XBeanDebug - Resolving type for handle ctfill550ctype
[TRACE] 2023-07-24 08:31:27.615 [main] XBeanDebug - Resolving type for handle ctborders0d66type
[TRACE] 2023-07-24 08:31:27.618 [main] XBeanDebug - Resolving type for handle ctborderf935type
[TRACE] 2023-07-24 08:31:27.625 [main] XBeanDebug - Resolving type for handle ctcellxfs1322type
[TRACE] 2023-07-24 08:31:27.629 [main] XBeanDebug - Resolving type for handle ctxf97f7type
[TRACE] 2023-07-24 08:31:27.632 [main] XBeanDebug - Resolving type for handle ctcellstylexfsa81ftype
[TRACE] 2023-07-24 08:31:27.634 [main] XBeanDebug - Resolving type for handle ctdxfsb26atype
[TRACE] 2023-07-24 08:31:27.636 [main] XBeanDebug - Resolving type for handle cttablestyles872ftype
[TRACE] 2023-07-24 08:31:27.643 [main] XBeanDebug - Resolving type for handle sstf81fdoctype
[TRACE] 2023-07-24 08:31:27.646 [main] XBeanDebug - Resolving type for handle ctsst44f3type
[TRACE] 2023-07-24 08:31:27.654 [main] XBeanDebug - Resolving type for handle ctrsta472type
[DEBUG] 2023-07-24 08:31:27.668 [main] POIXMLFactory - using default POIXMLDocumentPart for http://schemas.openxmlformats.org/officeDocument/2006/relationships/printerSettings
[TRACE] 2023-07-24 08:31:27.669 [main] XBeanDebug - Resolving type for handle workbookec17doctype
[TRACE] 2023-07-24 08:31:27.676 [main] XBeanDebug - Resolving type for handle ctworkbook83c3type
[TRACE] 2023-07-24 08:31:27.682 [main] XBeanDebug - Resolving type for handle ctsheets49fdtype
[TRACE] 2023-07-24 08:31:27.684 [main] XBeanDebug - Resolving type for handle ctsheet4dbetype
[TRACE] 2023-07-24 08:31:27.686 [main] XBeanDebug - Resolving type for handle strelationshipid1e94type
[TRACE] 2023-07-24 08:31:27.692 [main] XBeanDebug - Resolving type for handle worksheetf539doctype
[TRACE] 2023-07-24 08:31:27.697 [main] XBeanDebug - Resolving type for handle ctworksheet530dtype
[TRACE] 2023-07-24 08:31:27.707 [main] XBeanDebug - Resolving type for handle ctsheetdata8408type
[TRACE] 2023-07-24 08:31:27.710 [main] XBeanDebug - Resolving type for handle ctrowdd39type
[TRACE] 2023-07-24 08:31:27.714 [main] XBeanDebug - Resolving type for handle ctcell842btype
[TRACE] 2023-07-24 08:31:27.719 [main] XBeanDebug - Resolving type for handle stcellrefe4e0type
[TRACE] 2023-07-24 08:31:27.726 [main] XBeanDebug - Resolving type for handle ctcols627ctype
[TRACE] 2023-07-24 08:31:27.743 [main] XBeanDebug - Resolving type for handle stxstringf179type
[TRACE] 2023-07-24 08:31:27.746 [main] XBeanDebug - Resolving type for handle stcelltypebf95type
[DEBUG] 2023-07-24 09:20:12.307 [main] PackageRelationshipCollection - Parsing relationship: /xl/_rels/workbook.xml.rels
[DEBUG] 2023-07-24 09:20:12.312 [main] PackageRelationshipCollection - Parsing relationship: /xl/worksheets/_rels/sheet1.xml.rels
[DEBUG] 2023-07-24 09:20:12.314 [main] PackageRelationshipCollection - Parsing relationship: /_rels/.rels
[TRACE] 2023-07-24 09:20:12.506 [main] XBeanDebug - Loading type system org.apache.poi.schemas.ooxml.system.ooxml
[TRACE] 2023-07-24 09:20:12.511 [main] XBeanDebug - Loading type system org.apache.xmlbeans.metadata.system.sXMLCONFIG
[TRACE] 2023-07-24 09:20:12.511 [main] XBeanDebug - Loading type system org.apache.xmlbeans.metadata.system.sXMLLANG
[TRACE] 2023-07-24 09:20:12.512 [main] XBeanDebug - Loading type system org.apache.xmlbeans.metadata.system.sXMLSCHEMA
[TRACE] 2023-07-24 09:20:12.512 [main] XBeanDebug - Loading type system org.apache.xmlbeans.metadata.system.sXMLTOOLS
[TRACE] 2023-07-24 09:20:12.514 [main] XBeanDebug - Reading unresolved handles for type system org.apache.xmlbeans.metadata.system.sXMLTOOLS
[TRACE] 2023-07-24 09:20:12.536 [main] XBeanDebug - Finished loading type system org.apache.xmlbeans.metadata.system.sXMLTOOLS
[TRACE] 2023-07-24 09:20:12.537 [main] XBeanDebug - Reading unresolved handles for type system org.apache.xmlbeans.metadata.system.sXMLSCHEMA
[TRACE] 2023-07-24 09:20:12.541 [main] XBeanDebug - Finished loading type system org.apache.xmlbeans.metadata.system.sXMLSCHEMA
[TRACE] 2023-07-24 09:20:12.543 [main] XBeanDebug - Reading unresolved handles for type system org.apache.xmlbeans.metadata.system.sXMLLANG
[TRACE] 2023-07-24 09:20:12.544 [main] XBeanDebug - Finished loading type system org.apache.xmlbeans.metadata.system.sXMLLANG
[TRACE] 2023-07-24 09:20:12.545 [main] XBeanDebug - Reading unresolved handles for type system org.apache.xmlbeans.metadata.system.sXMLCONFIG
[TRACE] 2023-07-24 09:20:12.546 [main] XBeanDebug - Finished loading type system org.apache.xmlbeans.metadata.system.sXMLCONFIG
[TRACE] 2023-07-24 09:20:12.547 [main] XBeanDebug - Reading unresolved handles for type system org.apache.poi.schemas.ooxml.system.ooxml
[TRACE] 2023-07-24 09:20:12.593 [main] XBeanDebug - Finished loading type system org.apache.poi.schemas.ooxml.system.ooxml
[TRACE] 2023-07-24 09:20:12.594 [main] XBeanDebug - Resolving type for handle themefd26doctype
[TRACE] 2023-07-24 09:20:12.654 [main] XBeanDebug - Resolving type for handle stylesheet5d8bdoctype
[TRACE] 2023-07-24 09:20:12.660 [main] XBeanDebug - Resolving type for handle ctstylesheet4257type
[TRACE] 2023-07-24 09:20:12.664 [main] XBeanDebug - Resolving type for handle ctfonts6623type
[TRACE] 2023-07-24 09:20:12.667 [main] XBeanDebug - Resolving type for handle ctfont14d8type
[TRACE] 2023-07-24 09:20:12.672 [main] XBeanDebug - Resolving type for handle ctfills2c6ftype
[TRACE] 2023-07-24 09:20:12.674 [main] XBeanDebug - Resolving type for handle ctfill550ctype
[TRACE] 2023-07-24 09:20:12.678 [main] XBeanDebug - Resolving type for handle ctborders0d66type
[TRACE] 2023-07-24 09:20:12.681 [main] XBeanDebug - Resolving type for handle ctborderf935type
[TRACE] 2023-07-24 09:20:12.684 [main] XBeanDebug - Resolving type for handle ctcellxfs1322type
[TRACE] 2023-07-24 09:20:12.686 [main] XBeanDebug - Resolving type for handle ctxf97f7type
[TRACE] 2023-07-24 09:20:12.689 [main] XBeanDebug - Resolving type for handle ctcellstylexfsa81ftype
[TRACE] 2023-07-24 09:20:12.690 [main] XBeanDebug - Resolving type for handle ctdxfsb26atype
[TRACE] 2023-07-24 09:20:12.693 [main] XBeanDebug - Resolving type for handle cttablestyles872ftype
[TRACE] 2023-07-24 09:20:12.696 [main] XBeanDebug - Resolving type for handle sstf81fdoctype
[TRACE] 2023-07-24 09:20:12.701 [main] XBeanDebug - Resolving type for handle ctsst44f3type
[TRACE] 2023-07-24 09:20:12.709 [main] XBeanDebug - Resolving type for handle ctrsta472type
[DEBUG] 2023-07-24 09:20:12.722 [main] POIXMLFactory - using default POIXMLDocumentPart for http://schemas.openxmlformats.org/officeDocument/2006/relationships/printerSettings
[TRACE] 2023-07-24 09:20:12.723 [main] XBeanDebug - Resolving type for handle workbookec17doctype
[TRACE] 2023-07-24 09:20:12.727 [main] XBeanDebug - Resolving type for handle ctworkbook83c3type
[TRACE] 2023-07-24 09:20:12.734 [main] XBeanDebug - Resolving type for handle ctsheets49fdtype
[TRACE] 2023-07-24 09:20:12.737 [main] XBeanDebug - Resolving type for handle ctsheet4dbetype
[TRACE] 2023-07-24 09:20:12.741 [main] XBeanDebug - Resolving type for handle strelationshipid1e94type
[TRACE] 2023-07-24 09:20:12.743 [main] XBeanDebug - Resolving type for handle worksheetf539doctype
[TRACE] 2023-07-24 09:20:12.748 [main] XBeanDebug - Resolving type for handle ctworksheet530dtype
[TRACE] 2023-07-24 09:20:12.755 [main] XBeanDebug - Resolving type for handle ctsheetdata8408type
[TRACE] 2023-07-24 09:20:12.757 [main] XBeanDebug - Resolving type for handle ctrowdd39type
[TRACE] 2023-07-24 09:20:12.761 [main] XBeanDebug - Resolving type for handle ctcell842btype
[TRACE] 2023-07-24 09:20:12.766 [main] XBeanDebug - Resolving type for handle stcellrefe4e0type
[TRACE] 2023-07-24 09:20:12.772 [main] XBeanDebug - Resolving type for handle ctcols627ctype
[TRACE] 2023-07-24 09:20:12.785 [main] XBeanDebug - Resolving type for handle stxstringf179type
[TRACE] 2023-07-24 09:20:12.788 [main] XBeanDebug - Resolving type for handle stcelltypebf95type
[DEBUG] 2023-07-24 09:25:51.096 [main] PackageRelationshipCollection - Parsing relationship: /xl/_rels/workbook.xml.rels
[DEBUG] 2023-07-24 09:25:51.102 [main] PackageRelationshipCollection - Parsing relationship: /xl/worksheets/_rels/sheet1.xml.rels
[DEBUG] 2023-07-24 09:25:51.103 [main] PackageRelationshipCollection - Parsing relationship: /_rels/.rels
[TRACE] 2023-07-24 09:25:51.317 [main] XBeanDebug - Loading type system org.apache.poi.schemas.ooxml.system.ooxml
[TRACE] 2023-07-24 09:25:51.321 [main] XBeanDebug - Loading type system org.apache.xmlbeans.metadata.system.sXMLCONFIG
[TRACE] 2023-07-24 09:25:51.322 [main] XBeanDebug - Loading type system org.apache.xmlbeans.metadata.system.sXMLLANG
[TRACE] 2023-07-24 09:25:51.323 [main] XBeanDebug - Loading type system org.apache.xmlbeans.metadata.system.sXMLSCHEMA
[TRACE] 2023-07-24 09:25:51.324 [main] XBeanDebug - Loading type system org.apache.xmlbeans.metadata.system.sXMLTOOLS
[TRACE] 2023-07-24 09:25:51.325 [main] XBeanDebug - Reading unresolved handles for type system org.apache.xmlbeans.metadata.system.sXMLTOOLS
[TRACE] 2023-07-24 09:25:51.350 [main] XBeanDebug - Finished loading type system org.apache.xmlbeans.metadata.system.sXMLTOOLS
[TRACE] 2023-07-24 09:25:51.351 [main] XBeanDebug - Reading unresolved handles for type system org.apache.xmlbeans.metadata.system.sXMLSCHEMA
[TRACE] 2023-07-24 09:25:51.357 [main] XBeanDebug - Finished loading type system org.apache.xmlbeans.metadata.system.sXMLSCHEMA
[TRACE] 2023-07-24 09:25:51.358 [main] XBeanDebug - Reading unresolved handles for type system org.apache.xmlbeans.metadata.system.sXMLLANG
[TRACE] 2023-07-24 09:25:51.359 [main] XBeanDebug - Finished loading type system org.apache.xmlbeans.metadata.system.sXMLLANG
[TRACE] 2023-07-24 09:25:51.360 [main] XBeanDebug - Reading unresolved handles for type system org.apache.xmlbeans.metadata.system.sXMLCONFIG
[TRACE] 2023-07-24 09:25:51.361 [main] XBeanDebug - Finished loading type system org.apache.xmlbeans.metadata.system.sXMLCONFIG
[TRACE] 2023-07-24 09:25:51.361 [main] XBeanDebug - Reading unresolved handles for type system org.apache.poi.schemas.ooxml.system.ooxml
[TRACE] 2023-07-24 09:25:51.405 [main] XBeanDebug - Finished loading type system org.apache.poi.schemas.ooxml.system.ooxml
[TRACE] 2023-07-24 09:25:51.406 [main] XBeanDebug - Resolving type for handle themefd26doctype
[TRACE] 2023-07-24 09:25:51.469 [main] XBeanDebug - Resolving type for handle stylesheet5d8bdoctype
[TRACE] 2023-07-24 09:25:51.475 [main] XBeanDebug - Resolving type for handle ctstylesheet4257type
[TRACE] 2023-07-24 09:25:51.482 [main] XBeanDebug - Resolving type for handle ctfonts6623type
[TRACE] 2023-07-24 09:25:51.486 [main] XBeanDebug - Resolving type for handle ctfont14d8type
[TRACE] 2023-07-24 09:25:51.492 [main] XBeanDebug - Resolving type for handle ctfills2c6ftype
[TRACE] 2023-07-24 09:25:51.494 [main] XBeanDebug - Resolving type for handle ctfill550ctype
[TRACE] 2023-07-24 09:25:51.496 [main] XBeanDebug - Resolving type for handle ctborders0d66type
[TRACE] 2023-07-24 09:25:51.498 [main] XBeanDebug - Resolving type for handle ctborderf935type
[TRACE] 2023-07-24 09:25:51.501 [main] XBeanDebug - Resolving type for handle ctcellxfs1322type
[TRACE] 2023-07-24 09:25:51.503 [main] XBeanDebug - Resolving type for handle ctxf97f7type
[TRACE] 2023-07-24 09:25:51.506 [main] XBeanDebug - Resolving type for handle ctcellstylexfsa81ftype
[TRACE] 2023-07-24 09:25:51.508 [main] XBeanDebug - Resolving type for handle ctdxfsb26atype
[TRACE] 2023-07-24 09:25:51.510 [main] XBeanDebug - Resolving type for handle cttablestyles872ftype
[TRACE] 2023-07-24 09:25:51.512 [main] XBeanDebug - Resolving type for handle sstf81fdoctype
[TRACE] 2023-07-24 09:25:51.516 [main] XBeanDebug - Resolving type for handle ctsst44f3type
[TRACE] 2023-07-24 09:25:51.526 [main] XBeanDebug - Resolving type for handle ctrsta472type
[DEBUG] 2023-07-24 09:25:51.537 [main] POIXMLFactory - using default POIXMLDocumentPart for http://schemas.openxmlformats.org/officeDocument/2006/relationships/printerSettings
[TRACE] 2023-07-24 09:25:51.538 [main] XBeanDebug - Resolving type for handle workbookec17doctype
[TRACE] 2023-07-24 09:25:51.542 [main] XBeanDebug - Resolving type for handle ctworkbook83c3type
[TRACE] 2023-07-24 09:25:51.547 [main] XBeanDebug - Resolving type for handle ctsheets49fdtype
[TRACE] 2023-07-24 09:25:51.549 [main] XBeanDebug - Resolving type for handle ctsheet4dbetype
[TRACE] 2023-07-24 09:25:51.551 [main] XBeanDebug - Resolving type for handle strelationshipid1e94type
[TRACE] 2023-07-24 09:25:51.553 [main] XBeanDebug - Resolving type for handle worksheetf539doctype
[TRACE] 2023-07-24 09:25:51.558 [main] XBeanDebug - Resolving type for handle ctworksheet530dtype
[TRACE] 2023-07-24 09:25:51.568 [main] XBeanDebug - Resolving type for handle ctsheetdata8408type
[TRACE] 2023-07-24 09:25:51.570 [main] XBeanDebug - Resolving type for handle ctrowdd39type
[TRACE] 2023-07-24 09:25:51.574 [main] XBeanDebug - Resolving type for handle ctcell842btype
[TRACE] 2023-07-24 09:25:51.579 [main] XBeanDebug - Resolving type for handle stcellrefe4e0type
[TRACE] 2023-07-24 09:25:51.585 [main] XBeanDebug - Resolving type for handle ctcols627ctype
[TRACE] 2023-07-24 09:25:51.598 [main] XBeanDebug - Resolving type for handle stxstringf179type
[TRACE] 2023-07-24 09:25:51.601 [main] XBeanDebug - Resolving type for handle stcelltypebf95type
[DEBUG] 2023-07-24 09:28:10.382 [main] PackageRelationshipCollection - Parsing relationship: /xl/_rels/workbook.xml.rels
[DEBUG] 2023-07-24 09:28:10.388 [main] PackageRelationshipCollection - Parsing relationship: /xl/worksheets/_rels/sheet1.xml.rels
[DEBUG] 2023-07-24 09:28:10.389 [main] PackageRelationshipCollection - Parsing relationship: /_rels/.rels
[TRACE] 2023-07-24 09:28:10.593 [main] XBeanDebug - Loading type system org.apache.poi.schemas.ooxml.system.ooxml
[TRACE] 2023-07-24 09:28:10.598 [main] XBeanDebug - Loading type system org.apache.xmlbeans.metadata.system.sXMLCONFIG
[TRACE] 2023-07-24 09:28:10.599 [main] XBeanDebug - Loading type system org.apache.xmlbeans.metadata.system.sXMLLANG
[TRACE] 2023-07-24 09:28:10.600 [main] XBeanDebug - Loading type system org.apache.xmlbeans.metadata.system.sXMLSCHEMA
[TRACE] 2023-07-24 09:28:10.602 [main] XBeanDebug - Loading type system org.apache.xmlbeans.metadata.system.sXMLTOOLS
[TRACE] 2023-07-24 09:28:10.603 [main] XBeanDebug - Reading unresolved handles for type system org.apache.xmlbeans.metadata.system.sXMLTOOLS
[TRACE] 2023-07-24 09:28:10.628 [main] XBeanDebug - Finished loading type system org.apache.xmlbeans.metadata.system.sXMLTOOLS
[TRACE] 2023-07-24 09:28:10.629 [main] XBeanDebug - Reading unresolved handles for type system org.apache.xmlbeans.metadata.system.sXMLSCHEMA
[TRACE] 2023-07-24 09:28:10.635 [main] XBeanDebug - Finished loading type system org.apache.xmlbeans.metadata.system.sXMLSCHEMA
[TRACE] 2023-07-24 09:28:10.636 [main] XBeanDebug - Reading unresolved handles for type system org.apache.xmlbeans.metadata.system.sXMLLANG
[TRACE] 2023-07-24 09:28:10.637 [main] XBeanDebug - Finished loading type system org.apache.xmlbeans.metadata.system.sXMLLANG
[TRACE] 2023-07-24 09:28:10.637 [main] XBeanDebug - Reading unresolved handles for type system org.apache.xmlbeans.metadata.system.sXMLCONFIG
[TRACE] 2023-07-24 09:28:10.638 [main] XBeanDebug - Finished loading type system org.apache.xmlbeans.metadata.system.sXMLCONFIG
[TRACE] 2023-07-24 09:28:10.639 [main] XBeanDebug - Reading unresolved handles for type system org.apache.poi.schemas.ooxml.system.ooxml
[TRACE] 2023-07-24 09:28:10.684 [main] XBeanDebug - Finished loading type system org.apache.poi.schemas.ooxml.system.ooxml
[TRACE] 2023-07-24 09:28:10.685 [main] XBeanDebug - Resolving type for handle themefd26doctype
[TRACE] 2023-07-24 09:28:10.745 [main] XBeanDebug - Resolving type for handle stylesheet5d8bdoctype
[TRACE] 2023-07-24 09:28:10.750 [main] XBeanDebug - Resolving type for handle ctstylesheet4257type
[TRACE] 2023-07-24 09:28:10.757 [main] XBeanDebug - Resolving type for handle ctfonts6623type
[TRACE] 2023-07-24 09:28:10.760 [main] XBeanDebug - Resolving type for handle ctfont14d8type
[TRACE] 2023-07-24 09:28:10.765 [main] XBeanDebug - Resolving type for handle ctfills2c6ftype
[TRACE] 2023-07-24 09:28:10.767 [main] XBeanDebug - Resolving type for handle ctfill550ctype
[TRACE] 2023-07-24 09:28:10.770 [main] XBeanDebug - Resolving type for handle ctborders0d66type
[TRACE] 2023-07-24 09:28:10.773 [main] XBeanDebug - Resolving type for handle ctborderf935type
[TRACE] 2023-07-24 09:28:10.775 [main] XBeanDebug - Resolving type for handle ctcellxfs1322type
[TRACE] 2023-07-24 09:28:10.777 [main] XBeanDebug - Resolving type for handle ctxf97f7type
[TRACE] 2023-07-24 09:28:10.780 [main] XBeanDebug - Resolving type for handle ctcellstylexfsa81ftype
[TRACE] 2023-07-24 09:28:10.782 [main] XBeanDebug - Resolving type for handle ctdxfsb26atype
[TRACE] 2023-07-24 09:28:10.784 [main] XBeanDebug - Resolving type for handle cttablestyles872ftype
[TRACE] 2023-07-24 09:28:10.786 [main] XBeanDebug - Resolving type for handle sstf81fdoctype
[TRACE] 2023-07-24 09:28:10.791 [main] XBeanDebug - Resolving type for handle ctsst44f3type
[TRACE] 2023-07-24 09:28:10.800 [main] XBeanDebug - Resolving type for handle ctrsta472type
[DEBUG] 2023-07-24 09:28:10.812 [main] POIXMLFactory - using default POIXMLDocumentPart for http://schemas.openxmlformats.org/officeDocument/2006/relationships/printerSettings
[TRACE] 2023-07-24 09:28:10.813 [main] XBeanDebug - Resolving type for handle workbookec17doctype
[TRACE] 2023-07-24 09:28:10.818 [main] XBeanDebug - Resolving type for handle ctworkbook83c3type
[TRACE] 2023-07-24 09:28:10.824 [main] XBeanDebug - Resolving type for handle ctsheets49fdtype
[TRACE] 2023-07-24 09:28:10.826 [main] XBeanDebug - Resolving type for handle ctsheet4dbetype
[TRACE] 2023-07-24 09:28:10.829 [main] XBeanDebug - Resolving type for handle strelationshipid1e94type
[TRACE] 2023-07-24 09:28:10.832 [main] XBeanDebug - Resolving type for handle worksheetf539doctype
[TRACE] 2023-07-24 09:28:10.837 [main] XBeanDebug - Resolving type for handle ctworksheet530dtype
[TRACE] 2023-07-24 09:28:10.845 [main] XBeanDebug - Resolving type for handle ctsheetdata8408type
[TRACE] 2023-07-24 09:28:10.848 [main] XBeanDebug - Resolving type for handle ctrowdd39type
[TRACE] 2023-07-24 09:28:10.853 [main] XBeanDebug - Resolving type for handle ctcell842btype
[TRACE] 2023-07-24 09:28:10.859 [main] XBeanDebug - Resolving type for handle stcellrefe4e0type
[TRACE] 2023-07-24 09:28:10.867 [main] XBeanDebug - Resolving type for handle ctcols627ctype
[TRACE] 2023-07-24 09:28:10.882 [main] XBeanDebug - Resolving type for handle stxstringf179type
[TRACE] 2023-07-24 09:28:10.885 [main] XBeanDebug - Resolving type for handle stcelltypebf95type
[DEBUG] 2023-07-24 09:31:00.022 [main] PackageRelationshipCollection - Parsing relationship: /xl/_rels/workbook.xml.rels
[DEBUG] 2023-07-24 09:31:00.029 [main] PackageRelationshipCollection - Parsing relationship: /xl/worksheets/_rels/sheet1.xml.rels
[DEBUG] 2023-07-24 09:31:00.030 [main] PackageRelationshipCollection - Parsing relationship: /_rels/.rels
[TRACE] 2023-07-24 09:31:00.231 [main] XBeanDebug - Loading type system org.apache.poi.schemas.ooxml.system.ooxml
[TRACE] 2023-07-24 09:31:00.235 [main] XBeanDebug - Loading type system org.apache.xmlbeans.metadata.system.sXMLCONFIG
[TRACE] 2023-07-24 09:31:00.236 [main] XBeanDebug - Loading type system org.apache.xmlbeans.metadata.system.sXMLLANG
[TRACE] 2023-07-24 09:31:00.237 [main] XBeanDebug - Loading type system org.apache.xmlbeans.metadata.system.sXMLSCHEMA
[TRACE] 2023-07-24 09:31:00.238 [main] XBeanDebug - Loading type system org.apache.xmlbeans.metadata.system.sXMLTOOLS
[TRACE] 2023-07-24 09:31:00.239 [main] XBeanDebug - Reading unresolved handles for type system org.apache.xmlbeans.metadata.system.sXMLTOOLS
[TRACE] 2023-07-24 09:31:00.252 [main] XBeanDebug - Finished loading type system org.apache.xmlbeans.metadata.system.sXMLTOOLS
[TRACE] 2023-07-24 09:31:00.253 [main] XBeanDebug - Reading unresolved handles for type system org.apache.xmlbeans.metadata.system.sXMLSCHEMA
[TRACE] 2023-07-24 09:31:00.266 [main] XBeanDebug - Finished loading type system org.apache.xmlbeans.metadata.system.sXMLSCHEMA
[TRACE] 2023-07-24 09:31:00.267 [main] XBeanDebug - Reading unresolved handles for type system org.apache.xmlbeans.metadata.system.sXMLLANG
[TRACE] 2023-07-24 09:31:00.268 [main] XBeanDebug - Finished loading type system org.apache.xmlbeans.metadata.system.sXMLLANG
[TRACE] 2023-07-24 09:31:00.270 [main] XBeanDebug - Reading unresolved handles for type system org.apache.xmlbeans.metadata.system.sXMLCONFIG
[TRACE] 2023-07-24 09:31:00.271 [main] XBeanDebug - Finished loading type system org.apache.xmlbeans.metadata.system.sXMLCONFIG
[TRACE] 2023-07-24 09:31:00.272 [main] XBeanDebug - Reading unresolved handles for type system org.apache.poi.schemas.ooxml.system.ooxml
[TRACE] 2023-07-24 09:31:00.316 [main] XBeanDebug - Finished loading type system org.apache.poi.schemas.ooxml.system.ooxml
[TRACE] 2023-07-24 09:31:00.317 [main] XBeanDebug - Resolving type for handle themefd26doctype
[TRACE] 2023-07-24 09:31:00.379 [main] XBeanDebug - Resolving type for handle stylesheet5d8bdoctype
[TRACE] 2023-07-24 09:31:00.385 [main] XBeanDebug - Resolving type for handle ctstylesheet4257type
[TRACE] 2023-07-24 09:31:00.390 [main] XBeanDebug - Resolving type for handle ctfonts6623type
[TRACE] 2023-07-24 09:31:00.392 [main] XBeanDebug - Resolving type for handle ctfont14d8type
[TRACE] 2023-07-24 09:31:00.397 [main] XBeanDebug - Resolving type for handle ctfills2c6ftype
[TRACE] 2023-07-24 09:31:00.399 [main] XBeanDebug - Resolving type for handle ctfill550ctype
[TRACE] 2023-07-24 09:31:00.401 [main] XBeanDebug - Resolving type for handle ctborders0d66type
[TRACE] 2023-07-24 09:31:00.403 [main] XBeanDebug - Resolving type for handle ctborderf935type
[TRACE] 2023-07-24 09:31:00.406 [main] XBeanDebug - Resolving type for handle ctcellxfs1322type
[TRACE] 2023-07-24 09:31:00.408 [main] XBeanDebug - Resolving type for handle ctxf97f7type
[TRACE] 2023-07-24 09:31:00.411 [main] XBeanDebug - Resolving type for handle ctcellstylexfsa81ftype
[TRACE] 2023-07-24 09:31:00.413 [main] XBeanDebug - Resolving type for handle ctdxfsb26atype
[TRACE] 2023-07-24 09:31:00.416 [main] XBeanDebug - Resolving type for handle cttablestyles872ftype
[TRACE] 2023-07-24 09:31:00.419 [main] XBeanDebug - Resolving type for handle sstf81fdoctype
[TRACE] 2023-07-24 09:31:00.423 [main] XBeanDebug - Resolving type for handle ctsst44f3type
[TRACE] 2023-07-24 09:31:00.431 [main] XBeanDebug - Resolving type for handle ctrsta472type
[DEBUG] 2023-07-24 09:31:00.443 [main] POIXMLFactory - using default POIXMLDocumentPart for http://schemas.openxmlformats.org/officeDocument/2006/relationships/printerSettings
[TRACE] 2023-07-24 09:31:00.444 [main] XBeanDebug - Resolving type for handle workbookec17doctype
[TRACE] 2023-07-24 09:31:00.448 [main] XBeanDebug - Resolving type for handle ctworkbook83c3type
[TRACE] 2023-07-24 09:31:00.452 [main] XBeanDebug - Resolving type for handle ctsheets49fdtype
[TRACE] 2023-07-24 09:31:00.455 [main] XBeanDebug - Resolving type for handle ctsheet4dbetype
[TRACE] 2023-07-24 09:31:00.457 [main] XBeanDebug - Resolving type for handle strelationshipid1e94type
[TRACE] 2023-07-24 09:31:00.461 [main] XBeanDebug - Resolving type for handle worksheetf539doctype
[TRACE] 2023-07-24 09:31:00.466 [main] XBeanDebug - Resolving type for handle ctworksheet530dtype
[TRACE] 2023-07-24 09:31:00.472 [main] XBeanDebug - Resolving type for handle ctsheetdata8408type
[TRACE] 2023-07-24 09:31:00.474 [main] XBeanDebug - Resolving type for handle ctrowdd39type
[TRACE] 2023-07-24 09:31:00.477 [main] XBeanDebug - Resolving type for handle ctcell842btype
[TRACE] 2023-07-24 09:31:00.483 [main] XBeanDebug - Resolving type for handle stcellrefe4e0type
[TRACE] 2023-07-24 09:31:00.488 [main] XBeanDebug - Resolving type for handle ctcols627ctype
[TRACE] 2023-07-24 09:31:00.501 [main] XBeanDebug - Resolving type for handle stxstringf179type
[TRACE] 2023-07-24 09:31:00.504 [main] XBeanDebug - Resolving type for handle stcelltypebf95type
[DEBUG] 2023-07-24 09:33:23.876 [main] PackageRelationshipCollection - Parsing relationship: /xl/_rels/workbook.xml.rels
[DEBUG] 2023-07-24 09:33:23.881 [main] PackageRelationshipCollection - Parsing relationship: /xl/worksheets/_rels/sheet1.xml.rels
[DEBUG] 2023-07-24 09:33:23.882 [main] PackageRelationshipCollection - Parsing relationship: /_rels/.rels
[TRACE] 2023-07-24 09:33:24.083 [main] XBeanDebug - Loading type system org.apache.poi.schemas.ooxml.system.ooxml
[TRACE] 2023-07-24 09:33:24.087 [main] XBeanDebug - Loading type system org.apache.xmlbeans.metadata.system.sXMLCONFIG
[TRACE] 2023-07-24 09:33:24.088 [main] XBeanDebug - Loading type system org.apache.xmlbeans.metadata.system.sXMLLANG
[TRACE] 2023-07-24 09:33:24.088 [main] XBeanDebug - Loading type system org.apache.xmlbeans.metadata.system.sXMLSCHEMA
[TRACE] 2023-07-24 09:33:24.089 [main] XBeanDebug - Loading type system org.apache.xmlbeans.metadata.system.sXMLTOOLS
[TRACE] 2023-07-24 09:33:24.090 [main] XBeanDebug - Reading unresolved handles for type system org.apache.xmlbeans.metadata.system.sXMLTOOLS
[TRACE] 2023-07-24 09:33:24.116 [main] XBeanDebug - Finished loading type system org.apache.xmlbeans.metadata.system.sXMLTOOLS
[TRACE] 2023-07-24 09:33:24.117 [main] XBeanDebug - Reading unresolved handles for type system org.apache.xmlbeans.metadata.system.sXMLSCHEMA
[TRACE] 2023-07-24 09:33:24.123 [main] XBeanDebug - Finished loading type system org.apache.xmlbeans.metadata.system.sXMLSCHEMA
[TRACE] 2023-07-24 09:33:24.124 [main] XBeanDebug - Reading unresolved handles for type system org.apache.xmlbeans.metadata.system.sXMLLANG
[TRACE] 2023-07-24 09:33:24.125 [main] XBeanDebug - Finished loading type system org.apache.xmlbeans.metadata.system.sXMLLANG
[TRACE] 2023-07-24 09:33:24.126 [main] XBeanDebug - Reading unresolved handles for type system org.apache.xmlbeans.metadata.system.sXMLCONFIG
[TRACE] 2023-07-24 09:33:24.127 [main] XBeanDebug - Finished loading type system org.apache.xmlbeans.metadata.system.sXMLCONFIG
[TRACE] 2023-07-24 09:33:24.127 [main] XBeanDebug - Reading unresolved handles for type system org.apache.poi.schemas.ooxml.system.ooxml
[TRACE] 2023-07-24 09:33:24.171 [main] XBeanDebug - Finished loading type system org.apache.poi.schemas.ooxml.system.ooxml
[TRACE] 2023-07-24 09:33:24.172 [main] XBeanDebug - Resolving type for handle themefd26doctype
[TRACE] 2023-07-24 09:33:24.234 [main] XBeanDebug - Resolving type for handle stylesheet5d8bdoctype
[TRACE] 2023-07-24 09:33:24.239 [main] XBeanDebug - Resolving type for handle ctstylesheet4257type
[TRACE] 2023-07-24 09:33:24.243 [main] XBeanDebug - Resolving type for handle ctfonts6623type
[TRACE] 2023-07-24 09:33:24.246 [main] XBeanDebug - Resolving type for handle ctfont14d8type
[TRACE] 2023-07-24 09:33:24.251 [main] XBeanDebug - Resolving type for handle ctfills2c6ftype
[TRACE] 2023-07-24 09:33:24.253 [main] XBeanDebug - Resolving type for handle ctfill550ctype
[TRACE] 2023-07-24 09:33:24.255 [main] XBeanDebug - Resolving type for handle ctborders0d66type
[TRACE] 2023-07-24 09:33:24.258 [main] XBeanDebug - Resolving type for handle ctborderf935type
[TRACE] 2023-07-24 09:33:24.260 [main] XBeanDebug - Resolving type for handle ctcellxfs1322type
[TRACE] 2023-07-24 09:33:24.263 [main] XBeanDebug - Resolving type for handle ctxf97f7type
[TRACE] 2023-07-24 09:33:24.265 [main] XBeanDebug - Resolving type for handle ctcellstylexfsa81ftype
[TRACE] 2023-07-24 09:33:24.267 [main] XBeanDebug - Resolving type for handle ctdxfsb26atype
[TRACE] 2023-07-24 09:33:24.269 [main] XBeanDebug - Resolving type for handle cttablestyles872ftype
[TRACE] 2023-07-24 09:33:24.271 [main] XBeanDebug - Resolving type for handle sstf81fdoctype
[TRACE] 2023-07-24 09:33:24.275 [main] XBeanDebug - Resolving type for handle ctsst44f3type
[TRACE] 2023-07-24 09:33:24.283 [main] XBeanDebug - Resolving type for handle ctrsta472type
[DEBUG] 2023-07-24 09:33:24.295 [main] POIXMLFactory - using default POIXMLDocumentPart for http://schemas.openxmlformats.org/officeDocument/2006/relationships/printerSettings
[TRACE] 2023-07-24 09:33:24.296 [main] XBeanDebug - Resolving type for handle workbookec17doctype
[TRACE] 2023-07-24 09:33:24.300 [main] XBeanDebug - Resolving type for handle ctworkbook83c3type
[TRACE] 2023-07-24 09:33:24.306 [main] XBeanDebug - Resolving type for handle ctsheets49fdtype
[TRACE] 2023-07-24 09:33:24.308 [main] XBeanDebug - Resolving type for handle ctsheet4dbetype
[TRACE] 2023-07-24 09:33:24.310 [main] XBeanDebug - Resolving type for handle strelationshipid1e94type
[TRACE] 2023-07-24 09:33:24.313 [main] XBeanDebug - Resolving type for handle worksheetf539doctype
[TRACE] 2023-07-24 09:33:24.318 [main] XBeanDebug - Resolving type for handle ctworksheet530dtype
[TRACE] 2023-07-24 09:33:24.324 [main] XBeanDebug - Resolving type for handle ctsheetdata8408type
[TRACE] 2023-07-24 09:33:24.326 [main] XBeanDebug - Resolving type for handle ctrowdd39type
[TRACE] 2023-07-24 09:33:24.330 [main] XBeanDebug - Resolving type for handle ctcell842btype
[TRACE] 2023-07-24 09:33:24.335 [main] XBeanDebug - Resolving type for handle stcellrefe4e0type
[TRACE] 2023-07-24 09:33:24.341 [main] XBeanDebug - Resolving type for handle ctcols627ctype
[TRACE] 2023-07-24 09:33:24.358 [main] XBeanDebug - Resolving type for handle stxstringf179type
[TRACE] 2023-07-24 09:33:24.361 [main] XBeanDebug - Resolving type for handle stcelltypebf95type
[DEBUG] 2023-07-24 09:37:41.986 [main] PackageRelationshipCollection - Parsing relationship: /xl/_rels/workbook.xml.rels
[DEBUG] 2023-07-24 09:37:41.992 [main] PackageRelationshipCollection - Parsing relationship: /xl/worksheets/_rels/sheet1.xml.rels
[DEBUG] 2023-07-24 09:37:41.994 [main] PackageRelationshipCollection - Parsing relationship: /_rels/.rels
[TRACE] 2023-07-24 09:37:42.201 [main] XBeanDebug - Loading type system org.apache.poi.schemas.ooxml.system.ooxml
[TRACE] 2023-07-24 09:37:42.205 [main] XBeanDebug - Loading type system org.apache.xmlbeans.metadata.system.sXMLCONFIG
[TRACE] 2023-07-24 09:37:42.207 [main] XBeanDebug - Loading type system org.apache.xmlbeans.metadata.system.sXMLLANG
[TRACE] 2023-07-24 09:37:42.207 [main] XBeanDebug - Loading type system org.apache.xmlbeans.metadata.system.sXMLSCHEMA
[TRACE] 2023-07-24 09:37:42.208 [main] XBeanDebug - Loading type system org.apache.xmlbeans.metadata.system.sXMLTOOLS
[TRACE] 2023-07-24 09:37:42.209 [main] XBeanDebug - Reading unresolved handles for type system org.apache.xmlbeans.metadata.system.sXMLTOOLS
[TRACE] 2023-07-24 09:37:42.232 [main] XBeanDebug - Finished loading type system org.apache.xmlbeans.metadata.system.sXMLTOOLS
[TRACE] 2023-07-24 09:37:42.233 [main] XBeanDebug - Reading unresolved handles for type system org.apache.xmlbeans.metadata.system.sXMLSCHEMA
[TRACE] 2023-07-24 09:37:42.238 [main] XBeanDebug - Finished loading type system org.apache.xmlbeans.metadata.system.sXMLSCHEMA
[TRACE] 2023-07-24 09:37:42.240 [main] XBeanDebug - Reading unresolved handles for type system org.apache.xmlbeans.metadata.system.sXMLLANG
[TRACE] 2023-07-24 09:37:42.241 [main] XBeanDebug - Finished loading type system org.apache.xmlbeans.metadata.system.sXMLLANG
[TRACE] 2023-07-24 09:37:42.242 [main] XBeanDebug - Reading unresolved handles for type system org.apache.xmlbeans.metadata.system.sXMLCONFIG
[TRACE] 2023-07-24 09:37:42.243 [main] XBeanDebug - Finished loading type system org.apache.xmlbeans.metadata.system.sXMLCONFIG
[TRACE] 2023-07-24 09:37:42.244 [main] XBeanDebug - Reading unresolved handles for type system org.apache.poi.schemas.ooxml.system.ooxml
[TRACE] 2023-07-24 09:37:42.289 [main] XBeanDebug - Finished loading type system org.apache.poi.schemas.ooxml.system.ooxml
[TRACE] 2023-07-24 09:37:42.291 [main] XBeanDebug - Resolving type for handle themefd26doctype
[TRACE] 2023-07-24 09:37:42.346 [main] XBeanDebug - Resolving type for handle stylesheet5d8bdoctype
[TRACE] 2023-07-24 09:37:42.352 [main] XBeanDebug - Resolving type for handle ctstylesheet4257type
[TRACE] 2023-07-24 09:37:42.357 [main] XBeanDebug - Resolving type for handle ctfonts6623type
[TRACE] 2023-07-24 09:37:42.360 [main] XBeanDebug - Resolving type for handle ctfont14d8type
[TRACE] 2023-07-24 09:37:42.365 [main] XBeanDebug - Resolving type for handle ctfills2c6ftype
[TRACE] 2023-07-24 09:37:42.368 [main] XBeanDebug - Resolving type for handle ctfill550ctype
[TRACE] 2023-07-24 09:37:42.370 [main] XBeanDebug - Resolving type for handle ctborders0d66type
[TRACE] 2023-07-24 09:37:42.372 [main] XBeanDebug - Resolving type for handle ctborderf935type
[TRACE] 2023-07-24 09:37:42.375 [main] XBeanDebug - Resolving type for handle ctcellxfs1322type
[TRACE] 2023-07-24 09:37:42.377 [main] XBeanDebug - Resolving type for handle ctxf97f7type
[TRACE] 2023-07-24 09:37:42.380 [main] XBeanDebug - Resolving type for handle ctcellstylexfsa81ftype
[TRACE] 2023-07-24 09:37:42.382 [main] XBeanDebug - Resolving type for handle ctdxfsb26atype
[TRACE] 2023-07-24 09:37:42.384 [main] XBeanDebug - Resolving type for handle cttablestyles872ftype
[TRACE] 2023-07-24 09:37:42.387 [main] XBeanDebug - Resolving type for handle sstf81fdoctype
[TRACE] 2023-07-24 09:37:42.391 [main] XBeanDebug - Resolving type for handle ctsst44f3type
[TRACE] 2023-07-24 09:37:42.400 [main] XBeanDebug - Resolving type for handle ctrsta472type
[DEBUG] 2023-07-24 09:37:42.412 [main] POIXMLFactory - using default POIXMLDocumentPart for http://schemas.openxmlformats.org/officeDocument/2006/relationships/printerSettings
[TRACE] 2023-07-24 09:37:42.413 [main] XBeanDebug - Resolving type for handle workbookec17doctype
[TRACE] 2023-07-24 09:37:42.416 [main] XBeanDebug - Resolving type for handle ctworkbook83c3type
[TRACE] 2023-07-24 09:37:42.422 [main] XBeanDebug - Resolving type for handle ctsheets49fdtype
[TRACE] 2023-07-24 09:37:42.423 [main] XBeanDebug - Resolving type for handle ctsheet4dbetype
[TRACE] 2023-07-24 09:37:42.427 [main] XBeanDebug - Resolving type for handle strelationshipid1e94type
[TRACE] 2023-07-24 09:37:42.429 [main] XBeanDebug - Resolving type for handle worksheetf539doctype
[TRACE] 2023-07-24 09:37:42.434 [main] XBeanDebug - Resolving type for handle ctworksheet530dtype
[TRACE] 2023-07-24 09:37:42.444 [main] XBeanDebug - Resolving type for handle ctsheetdata8408type
[TRACE] 2023-07-24 09:37:42.446 [main] XBeanDebug - Resolving type for handle ctrowdd39type
[TRACE] 2023-07-24 09:37:42.450 [main] XBeanDebug - Resolving type for handle ctcell842btype
[TRACE] 2023-07-24 09:37:42.456 [main] XBeanDebug - Resolving type for handle stcellrefe4e0type
[TRACE] 2023-07-24 09:37:42.462 [main] XBeanDebug - Resolving type for handle ctcols627ctype
[TRACE] 2023-07-24 09:37:42.476 [main] XBeanDebug - Resolving type for handle stxstringf179type
[TRACE] 2023-07-24 09:37:42.479 [main] XBeanDebug - Resolving type for handle stcelltypebf95type
[DEBUG] 2023-07-24 09:40:28.784 [main] PackageRelationshipCollection - Parsing relationship: /xl/_rels/workbook.xml.rels
[DEBUG] 2023-07-24 09:40:28.789 [main] PackageRelationshipCollection - Parsing relationship: /xl/worksheets/_rels/sheet1.xml.rels
[DEBUG] 2023-07-24 09:40:28.790 [main] PackageRelationshipCollection - Parsing relationship: /_rels/.rels
[TRACE] 2023-07-24 09:40:28.996 [main] XBeanDebug - Loading type system org.apache.poi.schemas.ooxml.system.ooxml
[TRACE] 2023-07-24 09:40:29.000 [main] XBeanDebug - Loading type system org.apache.xmlbeans.metadata.system.sXMLCONFIG
[TRACE] 2023-07-24 09:40:29.001 [main] XBeanDebug - Loading type system org.apache.xmlbeans.metadata.system.sXMLLANG
[TRACE] 2023-07-24 09:40:29.002 [main] XBeanDebug - Loading type system org.apache.xmlbeans.metadata.system.sXMLSCHEMA
[TRACE] 2023-07-24 09:40:29.003 [main] XBeanDebug - Loading type system org.apache.xmlbeans.metadata.system.sXMLTOOLS
[TRACE] 2023-07-24 09:40:29.004 [main] XBeanDebug - Reading unresolved handles for type system org.apache.xmlbeans.metadata.system.sXMLTOOLS
[TRACE] 2023-07-24 09:40:29.027 [main] XBeanDebug - Finished loading type system org.apache.xmlbeans.metadata.system.sXMLTOOLS
[TRACE] 2023-07-24 09:40:29.028 [main] XBeanDebug - Reading unresolved handles for type system org.apache.xmlbeans.metadata.system.sXMLSCHEMA
[TRACE] 2023-07-24 09:40:29.034 [main] XBeanDebug - Finished loading type system org.apache.xmlbeans.metadata.system.sXMLSCHEMA
[TRACE] 2023-07-24 09:40:29.035 [main] XBeanDebug - Reading unresolved handles for type system org.apache.xmlbeans.metadata.system.sXMLLANG
[TRACE] 2023-07-24 09:40:29.036 [main] XBeanDebug - Finished loading type system org.apache.xmlbeans.metadata.system.sXMLLANG
[TRACE] 2023-07-24 09:40:29.037 [main] XBeanDebug - Reading unresolved handles for type system org.apache.xmlbeans.metadata.system.sXMLCONFIG
[TRACE] 2023-07-24 09:40:29.038 [main] XBeanDebug - Finished loading type system org.apache.xmlbeans.metadata.system.sXMLCONFIG
[TRACE] 2023-07-24 09:40:29.039 [main] XBeanDebug - Reading unresolved handles for type system org.apache.poi.schemas.ooxml.system.ooxml
[TRACE] 2023-07-24 09:40:29.084 [main] XBeanDebug - Finished loading type system org.apache.poi.schemas.ooxml.system.ooxml
[TRACE] 2023-07-24 09:40:29.084 [main] XBeanDebug - Resolving type for handle themefd26doctype
[TRACE] 2023-07-24 09:40:29.145 [main] XBeanDebug - Resolving type for handle stylesheet5d8bdoctype
[TRACE] 2023-07-24 09:40:29.150 [main] XBeanDebug - Resolving type for handle ctstylesheet4257type
[TRACE] 2023-07-24 09:40:29.155 [main] XBeanDebug - Resolving type for handle ctfonts6623type
[TRACE] 2023-07-24 09:40:29.160 [main] XBeanDebug - Resolving type for handle ctfont14d8type
[TRACE] 2023-07-24 09:40:29.165 [main] XBeanDebug - Resolving type for handle ctfills2c6ftype
[TRACE] 2023-07-24 09:40:29.168 [main] XBeanDebug - Resolving type for handle ctfill550ctype
[TRACE] 2023-07-24 09:40:29.171 [main] XBeanDebug - Resolving type for handle ctborders0d66type
[TRACE] 2023-07-24 09:40:29.174 [main] XBeanDebug - Resolving type for handle ctborderf935type
[TRACE] 2023-07-24 09:40:29.177 [main] XBeanDebug - Resolving type for handle ctcellxfs1322type
[TRACE] 2023-07-24 09:40:29.179 [main] XBeanDebug - Resolving type for handle ctxf97f7type
[TRACE] 2023-07-24 09:40:29.182 [main] XBeanDebug - Resolving type for handle ctcellstylexfsa81ftype
[TRACE] 2023-07-24 09:40:29.183 [main] XBeanDebug - Resolving type for handle ctdxfsb26atype
[TRACE] 2023-07-24 09:40:29.185 [main] XBeanDebug - Resolving type for handle cttablestyles872ftype
[TRACE] 2023-07-24 09:40:29.188 [main] XBeanDebug - Resolving type for handle sstf81fdoctype
[TRACE] 2023-07-24 09:40:29.192 [main] XBeanDebug - Resolving type for handle ctsst44f3type
[TRACE] 2023-07-24 09:40:29.201 [main] XBeanDebug - Resolving type for handle ctrsta472type
[DEBUG] 2023-07-24 09:40:29.213 [main] POIXMLFactory - using default POIXMLDocumentPart for http://schemas.openxmlformats.org/officeDocument/2006/relationships/printerSettings
[TRACE] 2023-07-24 09:40:29.214 [main] XBeanDebug - Resolving type for handle workbookec17doctype
[TRACE] 2023-07-24 09:40:29.218 [main] XBeanDebug - Resolving type for handle ctworkbook83c3type
[TRACE] 2023-07-24 09:40:29.223 [main] XBeanDebug - Resolving type for handle ctsheets49fdtype
[TRACE] 2023-07-24 09:40:29.225 [main] XBeanDebug - Resolving type for handle ctsheet4dbetype
[TRACE] 2023-07-24 09:40:29.230 [main] XBeanDebug - Resolving type for handle strelationshipid1e94type
[TRACE] 2023-07-24 09:40:29.234 [main] XBeanDebug - Resolving type for handle worksheetf539doctype
[TRACE] 2023-07-24 09:40:29.240 [main] XBeanDebug - Resolving type for handle ctworksheet530dtype
[TRACE] 2023-07-24 09:40:29.253 [main] XBeanDebug - Resolving type for handle ctsheetdata8408type
[TRACE] 2023-07-24 09:40:29.255 [main] XBeanDebug - Resolving type for handle ctrowdd39type
[TRACE] 2023-07-24 09:40:29.258 [main] XBeanDebug - Resolving type for handle ctcell842btype
[TRACE] 2023-07-24 09:40:29.263 [main] XBeanDebug - Resolving type for handle stcellrefe4e0type
[TRACE] 2023-07-24 09:40:29.269 [main] XBeanDebug - Resolving type for handle ctcols627ctype
[TRACE] 2023-07-24 09:40:29.282 [main] XBeanDebug - Resolving type for handle stxstringf179type
[TRACE] 2023-07-24 09:40:29.285 [main] XBeanDebug - Resolving type for handle stcelltypebf95type
[DEBUG] 2023-07-24 09:58:13.835 [main] PackageRelationshipCollection - Parsing relationship: /xl/_rels/workbook.xml.rels
[DEBUG] 2023-07-24 09:58:13.844 [main] PackageRelationshipCollection - Parsing relationship: /xl/worksheets/_rels/sheet1.xml.rels
[DEBUG] 2023-07-24 09:58:13.846 [main] PackageRelationshipCollection - Parsing relationship: /_rels/.rels
[TRACE] 2023-07-24 09:58:14.083 [main] XBeanDebug - Loading type system org.apache.poi.schemas.ooxml.system.ooxml
[TRACE] 2023-07-24 09:58:14.087 [main] XBeanDebug - Loading type system org.apache.xmlbeans.metadata.system.sXMLCONFIG
[TRACE] 2023-07-24 09:58:14.089 [main] XBeanDebug - Loading type system org.apache.xmlbeans.metadata.system.sXMLLANG
[TRACE] 2023-07-24 09:58:14.090 [main] XBeanDebug - Loading type system org.apache.xmlbeans.metadata.system.sXMLSCHEMA
[TRACE] 2023-07-24 09:58:14.091 [main] XBeanDebug - Loading type system org.apache.xmlbeans.metadata.system.sXMLTOOLS
[TRACE] 2023-07-24 09:58:14.092 [main] XBeanDebug - Reading unresolved handles for type system org.apache.xmlbeans.metadata.system.sXMLTOOLS
[TRACE] 2023-07-24 09:58:14.110 [main] XBeanDebug - Finished loading type system org.apache.xmlbeans.metadata.system.sXMLTOOLS
[TRACE] 2023-07-24 09:58:14.112 [main] XBeanDebug - Reading unresolved handles for type system org.apache.xmlbeans.metadata.system.sXMLSCHEMA
[TRACE] 2023-07-24 09:58:14.118 [main] XBeanDebug - Finished loading type system org.apache.xmlbeans.metadata.system.sXMLSCHEMA
[TRACE] 2023-07-24 09:58:14.119 [main] XBeanDebug - Reading unresolved handles for type system org.apache.xmlbeans.metadata.system.sXMLLANG
[TRACE] 2023-07-24 09:58:14.121 [main] XBeanDebug - Finished loading type system org.apache.xmlbeans.metadata.system.sXMLLANG
[TRACE] 2023-07-24 09:58:14.122 [main] XBeanDebug - Reading unresolved handles for type system org.apache.xmlbeans.metadata.system.sXMLCONFIG
[TRACE] 2023-07-24 09:58:14.124 [main] XBeanDebug - Finished loading type system org.apache.xmlbeans.metadata.system.sXMLCONFIG
[TRACE] 2023-07-24 09:58:14.125 [main] XBeanDebug - Reading unresolved handles for type system org.apache.poi.schemas.ooxml.system.ooxml
[TRACE] 2023-07-24 09:58:14.219 [main] XBeanDebug - Finished loading type system org.apache.poi.schemas.ooxml.system.ooxml
[TRACE] 2023-07-24 09:58:14.220 [main] XBeanDebug - Resolving type for handle themefd26doctype
[TRACE] 2023-07-24 09:58:14.301 [main] XBeanDebug - Resolving type for handle stylesheet5d8bdoctype
[TRACE] 2023-07-24 09:58:14.307 [main] XBeanDebug - Resolving type for handle ctstylesheet4257type
[TRACE] 2023-07-24 09:58:14.312 [main] XBeanDebug - Resolving type for handle ctfonts6623type
[TRACE] 2023-07-24 09:58:14.315 [main] XBeanDebug - Resolving type for handle ctfont14d8type
[TRACE] 2023-07-24 09:58:14.321 [main] XBeanDebug - Resolving type for handle ctfills2c6ftype
[TRACE] 2023-07-24 09:58:14.324 [main] XBeanDebug - Resolving type for handle ctfill550ctype
[TRACE] 2023-07-24 09:58:14.327 [main] XBeanDebug - Resolving type for handle ctborders0d66type
[TRACE] 2023-07-24 09:58:14.329 [main] XBeanDebug - Resolving type for handle ctborderf935type
[TRACE] 2023-07-24 09:58:14.333 [main] XBeanDebug - Resolving type for handle ctcellxfs1322type
[TRACE] 2023-07-24 09:58:14.336 [main] XBeanDebug - Resolving type for handle ctxf97f7type
[TRACE] 2023-07-24 09:58:14.339 [main] XBeanDebug - Resolving type for handle ctcellstylexfsa81ftype
[TRACE] 2023-07-24 09:58:14.341 [main] XBeanDebug - Resolving type for handle ctdxfsb26atype
[TRACE] 2023-07-24 09:58:14.345 [main] XBeanDebug - Resolving type for handle cttablestyles872ftype
[TRACE] 2023-07-24 09:58:14.348 [main] XBeanDebug - Resolving type for handle sstf81fdoctype
[TRACE] 2023-07-24 09:58:14.353 [main] XBeanDebug - Resolving type for handle ctsst44f3type
[TRACE] 2023-07-24 09:58:14.363 [main] XBeanDebug - Resolving type for handle ctrsta472type
[DEBUG] 2023-07-24 09:58:14.378 [main] POIXMLFactory - using default POIXMLDocumentPart for http://schemas.openxmlformats.org/officeDocument/2006/relationships/printerSettings
[TRACE] 2023-07-24 09:58:14.379 [main] XBeanDebug - Resolving type for handle workbookec17doctype
[TRACE] 2023-07-24 09:58:14.384 [main] XBeanDebug - Resolving type for handle ctworkbook83c3type
[TRACE] 2023-07-24 09:58:14.390 [main] XBeanDebug - Resolving type for handle ctsheets49fdtype
[TRACE] 2023-07-24 09:58:14.392 [main] XBeanDebug - Resolving type for handle ctsheet4dbetype
[TRACE] 2023-07-24 09:58:14.394 [main] XBeanDebug - Resolving type for handle strelationshipid1e94type
[TRACE] 2023-07-24 09:58:14.397 [main] XBeanDebug - Resolving type for handle worksheetf539doctype
[TRACE] 2023-07-24 09:58:14.404 [main] XBeanDebug - Resolving type for handle ctworksheet530dtype
[TRACE] 2023-07-24 09:58:14.410 [main] XBeanDebug - Resolving type for handle ctsheetdata8408type
[TRACE] 2023-07-24 09:58:14.413 [main] XBeanDebug - Resolving type for handle ctrowdd39type
[TRACE] 2023-07-24 09:58:14.419 [main] XBeanDebug - Resolving type for handle ctcell842btype
[TRACE] 2023-07-24 09:58:14.427 [main] XBeanDebug - Resolving type for handle stcellrefe4e0type
[TRACE] 2023-07-24 09:58:14.434 [main] XBeanDebug - Resolving type for handle ctcols627ctype
[TRACE] 2023-07-24 09:58:14.446 [main] XBeanDebug - Resolving type for handle stxstringf179type
[TRACE] 2023-07-24 09:58:14.450 [main] XBeanDebug - Resolving type for handle stcelltypebf95type
[DEBUG] 2023-07-24 10:01:52.637 [main] PackageRelationshipCollection - Parsing relationship: /xl/_rels/workbook.xml.rels
[DEBUG] 2023-07-24 10:01:52.649 [main] PackageRelationshipCollection - Parsing relationship: /xl/worksheets/_rels/sheet1.xml.rels
[DEBUG] 2023-07-24 10:01:52.653 [main] PackageRelationshipCollection - Parsing relationship: /_rels/.rels
[TRACE] 2023-07-24 10:01:53.013 [main] XBeanDebug - Loading type system org.apache.poi.schemas.ooxml.system.ooxml
[TRACE] 2023-07-24 10:01:53.018 [main] XBeanDebug - Loading type system org.apache.xmlbeans.metadata.system.sXMLCONFIG
[TRACE] 2023-07-24 10:01:53.020 [main] XBeanDebug - Loading type system org.apache.xmlbeans.metadata.system.sXMLLANG
[TRACE] 2023-07-24 10:01:53.021 [main] XBeanDebug - Loading type system org.apache.xmlbeans.metadata.system.sXMLSCHEMA
[TRACE] 2023-07-24 10:01:53.022 [main] XBeanDebug - Loading type system org.apache.xmlbeans.metadata.system.sXMLTOOLS
[TRACE] 2023-07-24 10:01:53.024 [main] XBeanDebug - Reading unresolved handles for type system org.apache.xmlbeans.metadata.system.sXMLTOOLS
[TRACE] 2023-07-24 10:01:53.050 [main] XBeanDebug - Finished loading type system org.apache.xmlbeans.metadata.system.sXMLTOOLS
[TRACE] 2023-07-24 10:01:53.052 [main] XBeanDebug - Reading unresolved handles for type system org.apache.xmlbeans.metadata.system.sXMLSCHEMA
[TRACE] 2023-07-24 10:01:53.062 [main] XBeanDebug - Finished loading type system org.apache.xmlbeans.metadata.system.sXMLSCHEMA
[TRACE] 2023-07-24 10:01:53.064 [main] XBeanDebug - Reading unresolved handles for type system org.apache.xmlbeans.metadata.system.sXMLLANG
[TRACE] 2023-07-24 10:01:53.066 [main] XBeanDebug - Finished loading type system org.apache.xmlbeans.metadata.system.sXMLLANG
[TRACE] 2023-07-24 10:01:53.068 [main] XBeanDebug - Reading unresolved handles for type system org.apache.xmlbeans.metadata.system.sXMLCONFIG
[TRACE] 2023-07-24 10:01:53.070 [main] XBeanDebug - Finished loading type system org.apache.xmlbeans.metadata.system.sXMLCONFIG
[TRACE] 2023-07-24 10:01:53.073 [main] XBeanDebug - Reading unresolved handles for type system org.apache.poi.schemas.ooxml.system.ooxml
[TRACE] 2023-07-24 10:01:53.187 [main] XBeanDebug - Finished loading type system org.apache.poi.schemas.ooxml.system.ooxml
[TRACE] 2023-07-24 10:01:53.189 [main] XBeanDebug - Resolving type for handle themefd26doctype
[TRACE] 2023-07-24 10:01:53.302 [main] XBeanDebug - Resolving type for handle stylesheet5d8bdoctype
[TRACE] 2023-07-24 10:01:53.314 [main] XBeanDebug - Resolving type for handle ctstylesheet4257type
[TRACE] 2023-07-24 10:01:53.323 [main] XBeanDebug - Resolving type for handle ctfonts6623type
[TRACE] 2023-07-24 10:01:53.328 [main] XBeanDebug - Resolving type for handle ctfont14d8type
[TRACE] 2023-07-24 10:01:53.338 [main] XBeanDebug - Resolving type for handle ctfills2c6ftype
[TRACE] 2023-07-24 10:01:53.341 [main] XBeanDebug - Resolving type for handle ctfill550ctype
[TRACE] 2023-07-24 10:01:53.346 [main] XBeanDebug - Resolving type for handle ctborders0d66type
[TRACE] 2023-07-24 10:01:53.351 [main] XBeanDebug - Resolving type for handle ctborderf935type
[TRACE] 2023-07-24 10:01:53.359 [main] XBeanDebug - Resolving type for handle ctcellxfs1322type
[TRACE] 2023-07-24 10:01:53.363 [main] XBeanDebug - Resolving type for handle ctxf97f7type
[TRACE] 2023-07-24 10:01:53.368 [main] XBeanDebug - Resolving type for handle ctcellstylexfsa81ftype
[TRACE] 2023-07-24 10:01:53.371 [main] XBeanDebug - Resolving type for handle ctdxfsb26atype
[TRACE] 2023-07-24 10:01:53.376 [main] XBeanDebug - Resolving type for handle cttablestyles872ftype
[TRACE] 2023-07-24 10:01:53.380 [main] XBeanDebug - Resolving type for handle sstf81fdoctype
[TRACE] 2023-07-24 10:01:53.387 [main] XBeanDebug - Resolving type for handle ctsst44f3type
[TRACE] 2023-07-24 10:01:53.406 [main] XBeanDebug - Resolving type for handle ctrsta472type
[DEBUG] 2023-07-24 10:01:53.431 [main] POIXMLFactory - using default POIXMLDocumentPart for http://schemas.openxmlformats.org/officeDocument/2006/relationships/printerSettings
[TRACE] 2023-07-24 10:01:53.433 [main] XBeanDebug - Resolving type for handle workbookec17doctype
[TRACE] 2023-07-24 10:01:53.442 [main] XBeanDebug - Resolving type for handle ctworkbook83c3type
[TRACE] 2023-07-24 10:01:53.451 [main] XBeanDebug - Resolving type for handle ctsheets49fdtype
[TRACE] 2023-07-24 10:01:53.455 [main] XBeanDebug - Resolving type for handle ctsheet4dbetype
[TRACE] 2023-07-24 10:01:53.459 [main] XBeanDebug - Resolving type for handle strelationshipid1e94type
[TRACE] 2023-07-24 10:01:53.464 [main] XBeanDebug - Resolving type for handle worksheetf539doctype
[TRACE] 2023-07-24 10:01:53.474 [main] XBeanDebug - Resolving type for handle ctworksheet530dtype
[TRACE] 2023-07-24 10:01:53.487 [main] XBeanDebug - Resolving type for handle ctsheetdata8408type
[TRACE] 2023-07-24 10:01:53.491 [main] XBeanDebug - Resolving type for handle ctrowdd39type
[TRACE] 2023-07-24 10:01:53.498 [main] XBeanDebug - Resolving type for handle ctcell842btype
[TRACE] 2023-07-24 10:01:53.510 [main] XBeanDebug - Resolving type for handle stcellrefe4e0type
[TRACE] 2023-07-24 10:01:53.524 [main] XBeanDebug - Resolving type for handle ctcols627ctype
[TRACE] 2023-07-24 10:01:53.550 [main] XBeanDebug - Resolving type for handle stxstringf179type
[TRACE] 2023-07-24 10:01:53.558 [main] XBeanDebug - Resolving type for handle stcelltypebf95type
[DEBUG] 2023-07-24 10:04:05.176 [main] PackageRelationshipCollection - Parsing relationship: /xl/_rels/workbook.xml.rels
[DEBUG] 2023-07-24 10:04:05.185 [main] PackageRelationshipCollection - Parsing relationship: /xl/worksheets/_rels/sheet1.xml.rels
[DEBUG] 2023-07-24 10:04:05.188 [main] PackageRelationshipCollection - Parsing relationship: /_rels/.rels
[TRACE] 2023-07-24 10:04:05.418 [main] XBeanDebug - Loading type system org.apache.poi.schemas.ooxml.system.ooxml
[TRACE] 2023-07-24 10:04:05.423 [main] XBeanDebug - Loading type system org.apache.xmlbeans.metadata.system.sXMLCONFIG
[TRACE] 2023-07-24 10:04:05.424 [main] XBeanDebug - Loading type system org.apache.xmlbeans.metadata.system.sXMLLANG
[TRACE] 2023-07-24 10:04:05.425 [main] XBeanDebug - Loading type system org.apache.xmlbeans.metadata.system.sXMLSCHEMA
[TRACE] 2023-07-24 10:04:05.426 [main] XBeanDebug - Loading type system org.apache.xmlbeans.metadata.system.sXMLTOOLS
[TRACE] 2023-07-24 10:04:05.428 [main] XBeanDebug - Reading unresolved handles for type system org.apache.xmlbeans.metadata.system.sXMLTOOLS
[TRACE] 2023-07-24 10:04:05.446 [main] XBeanDebug - Finished loading type system org.apache.xmlbeans.metadata.system.sXMLTOOLS
[TRACE] 2023-07-24 10:04:05.449 [main] XBeanDebug - Reading unresolved handles for type system org.apache.xmlbeans.metadata.system.sXMLSCHEMA
[TRACE] 2023-07-24 10:04:05.459 [main] XBeanDebug - Finished loading type system org.apache.xmlbeans.metadata.system.sXMLSCHEMA
[TRACE] 2023-07-24 10:04:05.461 [main] XBeanDebug - Reading unresolved handles for type system org.apache.xmlbeans.metadata.system.sXMLLANG
[TRACE] 2023-07-24 10:04:05.462 [main] XBeanDebug - Finished loading type system org.apache.xmlbeans.metadata.system.sXMLLANG
[TRACE] 2023-07-24 10:04:05.464 [main] XBeanDebug - Reading unresolved handles for type system org.apache.xmlbeans.metadata.system.sXMLCONFIG
[TRACE] 2023-07-24 10:04:05.465 [main] XBeanDebug - Finished loading type system org.apache.xmlbeans.metadata.system.sXMLCONFIG
[TRACE] 2023-07-24 10:04:05.467 [main] XBeanDebug - Reading unresolved handles for type system org.apache.poi.schemas.ooxml.system.ooxml
[TRACE] 2023-07-24 10:04:05.570 [main] XBeanDebug - Finished loading type system org.apache.poi.schemas.ooxml.system.ooxml
[TRACE] 2023-07-24 10:04:05.572 [main] XBeanDebug - Resolving type for handle themefd26doctype
[TRACE] 2023-07-24 10:04:05.666 [main] XBeanDebug - Resolving type for handle stylesheet5d8bdoctype
[TRACE] 2023-07-24 10:04:05.675 [main] XBeanDebug - Resolving type for handle ctstylesheet4257type
[TRACE] 2023-07-24 10:04:05.685 [main] XBeanDebug - Resolving type for handle ctfonts6623type
[TRACE] 2023-07-24 10:04:05.689 [main] XBeanDebug - Resolving type for handle ctfont14d8type
[TRACE] 2023-07-24 10:04:05.700 [main] XBeanDebug - Resolving type for handle ctfills2c6ftype
[TRACE] 2023-07-24 10:04:05.704 [main] XBeanDebug - Resolving type for handle ctfill550ctype
[TRACE] 2023-07-24 10:04:05.707 [main] XBeanDebug - Resolving type for handle ctborders0d66type
[TRACE] 2023-07-24 10:04:05.712 [main] XBeanDebug - Resolving type for handle ctborderf935type
[TRACE] 2023-07-24 10:04:05.717 [main] XBeanDebug - Resolving type for handle ctcellxfs1322type
[TRACE] 2023-07-24 10:04:05.721 [main] XBeanDebug - Resolving type for handle ctxf97f7type
[TRACE] 2023-07-24 10:04:05.726 [main] XBeanDebug - Resolving type for handle ctcellstylexfsa81ftype
[TRACE] 2023-07-24 10:04:05.729 [main] XBeanDebug - Resolving type for handle ctdxfsb26atype
[TRACE] 2023-07-24 10:04:05.733 [main] XBeanDebug - Resolving type for handle cttablestyles872ftype
[TRACE] 2023-07-24 10:04:05.737 [main] XBeanDebug - Resolving type for handle sstf81fdoctype
[TRACE] 2023-07-24 10:04:05.743 [main] XBeanDebug - Resolving type for handle ctsst44f3type
[TRACE] 2023-07-24 10:04:05.763 [main] XBeanDebug - Resolving type for handle ctrsta472type
[DEBUG] 2023-07-24 10:04:05.787 [main] POIXMLFactory - using default POIXMLDocumentPart for http://schemas.openxmlformats.org/officeDocument/2006/relationships/printerSettings
[TRACE] 2023-07-24 10:04:05.789 [main] XBeanDebug - Resolving type for handle workbookec17doctype
[TRACE] 2023-07-24 10:04:05.797 [main] XBeanDebug - Resolving type for handle ctworkbook83c3type
[TRACE] 2023-07-24 10:04:05.803 [main] XBeanDebug - Resolving type for handle ctsheets49fdtype
[TRACE] 2023-07-24 10:04:05.806 [main] XBeanDebug - Resolving type for handle ctsheet4dbetype
[TRACE] 2023-07-24 10:04:05.809 [main] XBeanDebug - Resolving type for handle strelationshipid1e94type
[TRACE] 2023-07-24 10:04:05.813 [main] XBeanDebug - Resolving type for handle worksheetf539doctype
[TRACE] 2023-07-24 10:04:05.823 [main] XBeanDebug - Resolving type for handle ctworksheet530dtype
[TRACE] 2023-07-24 10:04:05.835 [main] XBeanDebug - Resolving type for handle ctsheetdata8408type
[TRACE] 2023-07-24 10:04:05.840 [main] XBeanDebug - Resolving type for handle ctrowdd39type
[TRACE] 2023-07-24 10:04:05.850 [main] XBeanDebug - Resolving type for handle ctcell842btype
[TRACE] 2023-07-24 10:04:05.862 [main] XBeanDebug - Resolving type for handle stcellrefe4e0type
[TRACE] 2023-07-24 10:04:05.873 [main] XBeanDebug - Resolving type for handle ctcols627ctype
[TRACE] 2023-07-24 10:04:05.894 [main] XBeanDebug - Resolving type for handle stxstringf179type
[TRACE] 2023-07-24 10:04:05.900 [main] XBeanDebug - Resolving type for handle stcelltypebf95type
[DEBUG] 2023-07-24 10:17:14.966 [main] PackageRelationshipCollection - Parsing relationship: /xl/_rels/workbook.xml.rels
[DEBUG] 2023-07-24 10:17:14.975 [main] PackageRelationshipCollection - Parsing relationship: /xl/worksheets/_rels/sheet1.xml.rels
[DEBUG] 2023-07-24 10:17:14.976 [main] PackageRelationshipCollection - Parsing relationship: /_rels/.rels
[TRACE] 2023-07-24 10:17:15.258 [main] XBeanDebug - Loading type system org.apache.poi.schemas.ooxml.system.ooxml
[TRACE] 2023-07-24 10:17:15.261 [main] XBeanDebug - Loading type system org.apache.xmlbeans.metadata.system.sXMLCONFIG
[TRACE] 2023-07-24 10:17:15.262 [main] XBeanDebug - Loading type system org.apache.xmlbeans.metadata.system.sXMLLANG
[TRACE] 2023-07-24 10:17:15.263 [main] XBeanDebug - Loading type system org.apache.xmlbeans.metadata.system.sXMLSCHEMA
[TRACE] 2023-07-24 10:17:15.263 [main] XBeanDebug - Loading type system org.apache.xmlbeans.metadata.system.sXMLTOOLS
[TRACE] 2023-07-24 10:17:15.265 [main] XBeanDebug - Reading unresolved handles for type system org.apache.xmlbeans.metadata.system.sXMLTOOLS
[TRACE] 2023-07-24 10:17:15.280 [main] XBeanDebug - Finished loading type system org.apache.xmlbeans.metadata.system.sXMLTOOLS
[TRACE] 2023-07-24 10:17:15.282 [main] XBeanDebug - Reading unresolved handles for type system org.apache.xmlbeans.metadata.system.sXMLSCHEMA
[TRACE] 2023-07-24 10:17:15.290 [main] XBeanDebug - Finished loading type system org.apache.xmlbeans.metadata.system.sXMLSCHEMA
[TRACE] 2023-07-24 10:17:15.292 [main] XBeanDebug - Reading unresolved handles for type system org.apache.xmlbeans.metadata.system.sXMLLANG
[TRACE] 2023-07-24 10:17:15.293 [main] XBeanDebug - Finished loading type system org.apache.xmlbeans.metadata.system.sXMLLANG
[TRACE] 2023-07-24 10:17:15.295 [main] XBeanDebug - Reading unresolved handles for type system org.apache.xmlbeans.metadata.system.sXMLCONFIG
[TRACE] 2023-07-24 10:17:15.296 [main] XBeanDebug - Finished loading type system org.apache.xmlbeans.metadata.system.sXMLCONFIG
[TRACE] 2023-07-24 10:17:15.297 [main] XBeanDebug - Reading unresolved handles for type system org.apache.poi.schemas.ooxml.system.ooxml
[TRACE] 2023-07-24 10:17:15.387 [main] XBeanDebug - Finished loading type system org.apache.poi.schemas.ooxml.system.ooxml
[TRACE] 2023-07-24 10:17:15.389 [main] XBeanDebug - Resolving type for handle themefd26doctype
[TRACE] 2023-07-24 10:17:15.485 [main] XBeanDebug - Resolving type for handle stylesheet5d8bdoctype
[TRACE] 2023-07-24 10:17:15.493 [main] XBeanDebug - Resolving type for handle ctstylesheet4257type
[TRACE] 2023-07-24 10:17:15.498 [main] XBeanDebug - Resolving type for handle ctfonts6623type
[TRACE] 2023-07-24 10:17:15.503 [main] XBeanDebug - Resolving type for handle ctfont14d8type
[TRACE] 2023-07-24 10:17:15.511 [main] XBeanDebug - Resolving type for handle ctfills2c6ftype
[TRACE] 2023-07-24 10:17:15.514 [main] XBeanDebug - Resolving type for handle ctfill550ctype
[TRACE] 2023-07-24 10:17:15.516 [main] XBeanDebug - Resolving type for handle ctborders0d66type
[TRACE] 2023-07-24 10:17:15.519 [main] XBeanDebug - Resolving type for handle ctborderf935type
[TRACE] 2023-07-24 10:17:15.524 [main] XBeanDebug - Resolving type for handle ctcellxfs1322type
[TRACE] 2023-07-24 10:17:15.528 [main] XBeanDebug - Resolving type for handle ctxf97f7type
[TRACE] 2023-07-24 10:17:15.532 [main] XBeanDebug - Resolving type for handle ctcellstylexfsa81ftype
[TRACE] 2023-07-24 10:17:15.535 [main] XBeanDebug - Resolving type for handle ctdxfsb26atype
[TRACE] 2023-07-24 10:17:15.537 [main] XBeanDebug - Resolving type for handle cttablestyles872ftype
[TRACE] 2023-07-24 10:17:15.546 [main] XBeanDebug - Resolving type for handle sstf81fdoctype
[TRACE] 2023-07-24 10:17:15.550 [main] XBeanDebug - Resolving type for handle ctsst44f3type
[TRACE] 2023-07-24 10:17:15.918 [main] XBeanDebug - Resolving type for handle ctrsta472type
[DEBUG] 2023-07-24 10:17:15.937 [main] POIXMLFactory - using default POIXMLDocumentPart for http://schemas.openxmlformats.org/officeDocument/2006/relationships/printerSettings
[TRACE] 2023-07-24 10:17:15.938 [main] XBeanDebug - Resolving type for handle workbookec17doctype
[TRACE] 2023-07-24 10:17:15.944 [main] XBeanDebug - Resolving type for handle ctworkbook83c3type
[TRACE] 2023-07-24 10:17:15.951 [main] XBeanDebug - Resolving type for handle ctsheets49fdtype
[TRACE] 2023-07-24 10:17:15.954 [main] XBeanDebug - Resolving type for handle ctsheet4dbetype
[TRACE] 2023-07-24 10:17:15.957 [main] XBeanDebug - Resolving type for handle strelationshipid1e94type
[TRACE] 2023-07-24 10:17:15.960 [main] XBeanDebug - Resolving type for handle worksheetf539doctype
[TRACE] 2023-07-24 10:17:15.966 [main] XBeanDebug - Resolving type for handle ctworksheet530dtype
[TRACE] 2023-07-24 10:17:15.973 [main] XBeanDebug - Resolving type for handle ctsheetdata8408type
[TRACE] 2023-07-24 10:17:15.977 [main] XBeanDebug - Resolving type for handle ctrowdd39type
[TRACE] 2023-07-24 10:17:15.984 [main] XBeanDebug - Resolving type for handle ctcell842btype
[TRACE] 2023-07-24 10:17:15.993 [main] XBeanDebug - Resolving type for handle stcellrefe4e0type
[TRACE] 2023-07-24 10:17:16.002 [main] XBeanDebug - Resolving type for handle ctcols627ctype
[TRACE] 2023-07-24 10:17:16.018 [main] XBeanDebug - Resolving type for handle stxstringf179type
[TRACE] 2023-07-24 10:17:16.022 [main] XBeanDebug - Resolving type for handle stcelltypebf95type
[DEBUG] 2023-07-24 10:18:46.763 [main] PackageRelationshipCollection - Parsing relationship: /xl/_rels/workbook.xml.rels
[DEBUG] 2023-07-24 10:18:46.769 [main] PackageRelationshipCollection - Parsing relationship: /xl/worksheets/_rels/sheet1.xml.rels
[DEBUG] 2023-07-24 10:18:46.771 [main] PackageRelationshipCollection - Parsing relationship: /_rels/.rels
[TRACE] 2023-07-24 10:18:46.942 [main] XBeanDebug - Loading type system org.apache.poi.schemas.ooxml.system.ooxml
[TRACE] 2023-07-24 10:18:46.944 [main] XBeanDebug - Loading type system org.apache.xmlbeans.metadata.system.sXMLCONFIG
[TRACE] 2023-07-24 10:18:46.945 [main] XBeanDebug - Loading type system org.apache.xmlbeans.metadata.system.sXMLLANG
[TRACE] 2023-07-24 10:18:46.945 [main] XBeanDebug - Loading type system org.apache.xmlbeans.metadata.system.sXMLSCHEMA
[TRACE] 2023-07-24 10:18:46.946 [main] XBeanDebug - Loading type system org.apache.xmlbeans.metadata.system.sXMLTOOLS
[TRACE] 2023-07-24 10:18:46.947 [main] XBeanDebug - Reading unresolved handles for type system org.apache.xmlbeans.metadata.system.sXMLTOOLS
[TRACE] 2023-07-24 10:18:46.956 [main] XBeanDebug - Finished loading type system org.apache.xmlbeans.metadata.system.sXMLTOOLS
[TRACE] 2023-07-24 10:18:46.957 [main] XBeanDebug - Reading unresolved handles for type system org.apache.xmlbeans.metadata.system.sXMLSCHEMA
[TRACE] 2023-07-24 10:18:46.963 [main] XBeanDebug - Finished loading type system org.apache.xmlbeans.metadata.system.sXMLSCHEMA
[TRACE] 2023-07-24 10:18:46.965 [main] XBeanDebug - Reading unresolved handles for type system org.apache.xmlbeans.metadata.system.sXMLLANG
[TRACE] 2023-07-24 10:18:46.966 [main] XBeanDebug - Finished loading type system org.apache.xmlbeans.metadata.system.sXMLLANG
[TRACE] 2023-07-24 10:18:46.967 [main] XBeanDebug - Reading unresolved handles for type system org.apache.xmlbeans.metadata.system.sXMLCONFIG
[TRACE] 2023-07-24 10:18:46.968 [main] XBeanDebug - Finished loading type system org.apache.xmlbeans.metadata.system.sXMLCONFIG
[TRACE] 2023-07-24 10:18:46.969 [main] XBeanDebug - Reading unresolved handles for type system org.apache.poi.schemas.ooxml.system.ooxml
[TRACE] 2023-07-24 10:18:47.018 [main] XBeanDebug - Finished loading type system org.apache.poi.schemas.ooxml.system.ooxml
[TRACE] 2023-07-24 10:18:47.019 [main] XBeanDebug - Resolving type for handle themefd26doctype
[TRACE] 2023-07-24 10:18:47.078 [main] XBeanDebug - Resolving type for handle stylesheet5d8bdoctype
[TRACE] 2023-07-24 10:18:47.085 [main] XBeanDebug - Resolving type for handle ctstylesheet4257type
[TRACE] 2023-07-24 10:18:47.091 [main] XBeanDebug - Resolving type for handle ctfonts6623type
[TRACE] 2023-07-24 10:18:47.093 [main] XBeanDebug - Resolving type for handle ctfont14d8type
[TRACE] 2023-07-24 10:18:47.098 [main] XBeanDebug - Resolving type for handle ctfills2c6ftype
[TRACE] 2023-07-24 10:18:47.099 [main] XBeanDebug - Resolving type for handle ctfill550ctype
[TRACE] 2023-07-24 10:18:47.101 [main] XBeanDebug - Resolving type for handle ctborders0d66type
[TRACE] 2023-07-24 10:18:47.103 [main] XBeanDebug - Resolving type for handle ctborderf935type
[TRACE] 2023-07-24 10:18:47.105 [main] XBeanDebug - Resolving type for handle ctcellxfs1322type
[TRACE] 2023-07-24 10:18:47.107 [main] XBeanDebug - Resolving type for handle ctxf97f7type
[TRACE] 2023-07-24 10:18:47.109 [main] XBeanDebug - Resolving type for handle ctcellstylexfsa81ftype
[TRACE] 2023-07-24 10:18:47.113 [main] XBeanDebug - Resolving type for handle ctdxfsb26atype
[TRACE] 2023-07-24 10:18:47.115 [main] XBeanDebug - Resolving type for handle cttablestyles872ftype
[TRACE] 2023-07-24 10:18:47.117 [main] XBeanDebug - Resolving type for handle sstf81fdoctype
[TRACE] 2023-07-24 10:18:47.120 [main] XBeanDebug - Resolving type for handle ctsst44f3type
[TRACE] 2023-07-24 10:18:47.130 [main] XBeanDebug - Resolving type for handle ctrsta472type
[DEBUG] 2023-07-24 10:18:47.146 [main] POIXMLFactory - using default POIXMLDocumentPart for http://schemas.openxmlformats.org/officeDocument/2006/relationships/printerSettings
[TRACE] 2023-07-24 10:18:47.147 [main] XBeanDebug - Resolving type for handle workbookec17doctype
[TRACE] 2023-07-24 10:18:47.151 [main] XBeanDebug - Resolving type for handle ctworkbook83c3type
[TRACE] 2023-07-24 10:18:47.154 [main] XBeanDebug - Resolving type for handle ctsheets49fdtype
[TRACE] 2023-07-24 10:18:47.156 [main] XBeanDebug - Resolving type for handle ctsheet4dbetype
[TRACE] 2023-07-24 10:18:47.158 [main] XBeanDebug - Resolving type for handle strelationshipid1e94type
[TRACE] 2023-07-24 10:18:47.161 [main] XBeanDebug - Resolving type for handle worksheetf539doctype
[TRACE] 2023-07-24 10:18:47.164 [main] XBeanDebug - Resolving type for handle ctworksheet530dtype
[TRACE] 2023-07-24 10:18:47.172 [main] XBeanDebug - Resolving type for handle ctsheetdata8408type
[TRACE] 2023-07-24 10:18:47.174 [main] XBeanDebug - Resolving type for handle ctrowdd39type
[TRACE] 2023-07-24 10:18:47.178 [main] XBeanDebug - Resolving type for handle ctcell842btype
[TRACE] 2023-07-24 10:18:47.184 [main] XBeanDebug - Resolving type for handle stcellrefe4e0type
[TRACE] 2023-07-24 10:18:47.189 [main] XBeanDebug - Resolving type for handle ctcols627ctype
[TRACE] 2023-07-24 10:18:47.199 [main] XBeanDebug - Resolving type for handle stxstringf179type
[TRACE] 2023-07-24 10:18:47.201 [main] XBeanDebug - Resolving type for handle stcelltypebf95type
[DEBUG] 2023-07-24 10:19:54.860 [main] PackageRelationshipCollection - Parsing relationship: /xl/_rels/workbook.xml.rels
[DEBUG] 2023-07-24 10:19:54.866 [main] PackageRelationshipCollection - Parsing relationship: /xl/worksheets/_rels/sheet1.xml.rels
[DEBUG] 2023-07-24 10:19:54.867 [main] PackageRelationshipCollection - Parsing relationship: /_rels/.rels
[TRACE] 2023-07-24 10:19:55.038 [main] XBeanDebug - Loading type system org.apache.poi.schemas.ooxml.system.ooxml
[TRACE] 2023-07-24 10:19:55.040 [main] XBeanDebug - Loading type system org.apache.xmlbeans.metadata.system.sXMLCONFIG
[TRACE] 2023-07-24 10:19:55.041 [main] XBeanDebug - Loading type system org.apache.xmlbeans.metadata.system.sXMLLANG
[TRACE] 2023-07-24 10:19:55.042 [main] XBeanDebug - Loading type system org.apache.xmlbeans.metadata.system.sXMLSCHEMA
[TRACE] 2023-07-24 10:19:55.042 [main] XBeanDebug - Loading type system org.apache.xmlbeans.metadata.system.sXMLTOOLS
[TRACE] 2023-07-24 10:19:55.043 [main] XBeanDebug - Reading unresolved handles for type system org.apache.xmlbeans.metadata.system.sXMLTOOLS
[TRACE] 2023-07-24 10:19:55.053 [main] XBeanDebug - Finished loading type system org.apache.xmlbeans.metadata.system.sXMLTOOLS
[TRACE] 2023-07-24 10:19:55.054 [main] XBeanDebug - Reading unresolved handles for type system org.apache.xmlbeans.metadata.system.sXMLSCHEMA
[TRACE] 2023-07-24 10:19:55.057 [main] XBeanDebug - Finished loading type system org.apache.xmlbeans.metadata.system.sXMLSCHEMA
[TRACE] 2023-07-24 10:19:55.059 [main] XBeanDebug - Reading unresolved handles for type system org.apache.xmlbeans.metadata.system.sXMLLANG
[TRACE] 2023-07-24 10:19:55.059 [main] XBeanDebug - Finished loading type system org.apache.xmlbeans.metadata.system.sXMLLANG
[TRACE] 2023-07-24 10:19:55.060 [main] XBeanDebug - Reading unresolved handles for type system org.apache.xmlbeans.metadata.system.sXMLCONFIG
[TRACE] 2023-07-24 10:19:55.061 [main] XBeanDebug - Finished loading type system org.apache.xmlbeans.metadata.system.sXMLCONFIG
[TRACE] 2023-07-24 10:19:55.062 [main] XBeanDebug - Reading unresolved handles for type system org.apache.poi.schemas.ooxml.system.ooxml
[TRACE] 2023-07-24 10:19:55.108 [main] XBeanDebug - Finished loading type system org.apache.poi.schemas.ooxml.system.ooxml
[TRACE] 2023-07-24 10:19:55.109 [main] XBeanDebug - Resolving type for handle themefd26doctype
[TRACE] 2023-07-24 10:19:55.167 [main] XBeanDebug - Resolving type for handle stylesheet5d8bdoctype
[TRACE] 2023-07-24 10:19:55.173 [main] XBeanDebug - Resolving type for handle ctstylesheet4257type
[TRACE] 2023-07-24 10:19:55.177 [main] XBeanDebug - Resolving type for handle ctfonts6623type
[TRACE] 2023-07-24 10:19:55.179 [main] XBeanDebug - Resolving type for handle ctfont14d8type
[TRACE] 2023-07-24 10:19:55.184 [main] XBeanDebug - Resolving type for handle ctfills2c6ftype
[TRACE] 2023-07-24 10:19:55.185 [main] XBeanDebug - Resolving type for handle ctfill550ctype
[TRACE] 2023-07-24 10:19:55.187 [main] XBeanDebug - Resolving type for handle ctborders0d66type
[TRACE] 2023-07-24 10:19:55.189 [main] XBeanDebug - Resolving type for handle ctborderf935type
[TRACE] 2023-07-24 10:19:55.191 [main] XBeanDebug - Resolving type for handle ctcellxfs1322type
[TRACE] 2023-07-24 10:19:55.193 [main] XBeanDebug - Resolving type for handle ctxf97f7type
[TRACE] 2023-07-24 10:19:55.195 [main] XBeanDebug - Resolving type for handle ctcellstylexfsa81ftype
[TRACE] 2023-07-24 10:19:55.197 [main] XBeanDebug - Resolving type for handle ctdxfsb26atype
[TRACE] 2023-07-24 10:19:55.198 [main] XBeanDebug - Resolving type for handle cttablestyles872ftype
[TRACE] 2023-07-24 10:19:55.201 [main] XBeanDebug - Resolving type for handle sstf81fdoctype
[TRACE] 2023-07-24 10:19:55.204 [main] XBeanDebug - Resolving type for handle ctsst44f3type
[TRACE] 2023-07-24 10:19:55.215 [main] XBeanDebug - Resolving type for handle ctrsta472type
[DEBUG] 2023-07-24 10:19:55.231 [main] POIXMLFactory - using default POIXMLDocumentPart for http://schemas.openxmlformats.org/officeDocument/2006/relationships/printerSettings
[TRACE] 2023-07-24 10:19:55.233 [main] XBeanDebug - Resolving type for handle workbookec17doctype
[TRACE] 2023-07-24 10:19:55.237 [main] XBeanDebug - Resolving type for handle ctworkbook83c3type
[TRACE] 2023-07-24 10:19:55.241 [main] XBeanDebug - Resolving type for handle ctsheets49fdtype
[TRACE] 2023-07-24 10:19:55.245 [main] XBeanDebug - Resolving type for handle ctsheet4dbetype
[TRACE] 2023-07-24 10:19:55.247 [main] XBeanDebug - Resolving type for handle strelationshipid1e94type
[TRACE] 2023-07-24 10:19:55.249 [main] XBeanDebug - Resolving type for handle worksheetf539doctype
[TRACE] 2023-07-24 10:19:55.254 [main] XBeanDebug - Resolving type for handle ctworksheet530dtype
[TRACE] 2023-07-24 10:19:55.259 [main] XBeanDebug - Resolving type for handle ctsheetdata8408type
[TRACE] 2023-07-24 10:19:55.261 [main] XBeanDebug - Resolving type for handle ctrowdd39type
[TRACE] 2023-07-24 10:19:55.266 [main] XBeanDebug - Resolving type for handle ctcell842btype
[TRACE] 2023-07-24 10:19:55.271 [main] XBeanDebug - Resolving type for handle stcellrefe4e0type
[TRACE] 2023-07-24 10:19:55.277 [main] XBeanDebug - Resolving type for handle ctcols627ctype
[TRACE] 2023-07-24 10:19:55.286 [main] XBeanDebug - Resolving type for handle stxstringf179type
[TRACE] 2023-07-24 10:19:55.289 [main] XBeanDebug - Resolving type for handle stcelltypebf95type
[DEBUG] 2023-07-24 10:21:24.228 [main] PackageRelationshipCollection - Parsing relationship: /xl/_rels/workbook.xml.rels
[DEBUG] 2023-07-24 10:21:24.311 [main] PackageRelationshipCollection - Parsing relationship: /xl/worksheets/_rels/sheet1.xml.rels
[DEBUG] 2023-07-24 10:21:24.312 [main] PackageRelationshipCollection - Parsing relationship: /_rels/.rels
[TRACE] 2023-07-24 10:21:24.483 [main] XBeanDebug - Loading type system org.apache.poi.schemas.ooxml.system.ooxml
[TRACE] 2023-07-24 10:21:24.486 [main] XBeanDebug - Loading type system org.apache.xmlbeans.metadata.system.sXMLCONFIG
[TRACE] 2023-07-24 10:21:24.487 [main] XBeanDebug - Loading type system org.apache.xmlbeans.metadata.system.sXMLLANG
[TRACE] 2023-07-24 10:21:24.487 [main] XBeanDebug - Loading type system org.apache.xmlbeans.metadata.system.sXMLSCHEMA
[TRACE] 2023-07-24 10:21:24.488 [main] XBeanDebug - Loading type system org.apache.xmlbeans.metadata.system.sXMLTOOLS
[TRACE] 2023-07-24 10:21:24.489 [main] XBeanDebug - Reading unresolved handles for type system org.apache.xmlbeans.metadata.system.sXMLTOOLS
[TRACE] 2023-07-24 10:21:24.499 [main] XBeanDebug - Finished loading type system org.apache.xmlbeans.metadata.system.sXMLTOOLS
[TRACE] 2023-07-24 10:21:24.500 [main] XBeanDebug - Reading unresolved handles for type system org.apache.xmlbeans.metadata.system.sXMLSCHEMA
[TRACE] 2023-07-24 10:21:24.505 [main] XBeanDebug - Finished loading type system org.apache.xmlbeans.metadata.system.sXMLSCHEMA
[TRACE] 2023-07-24 10:21:24.507 [main] XBeanDebug - Reading unresolved handles for type system org.apache.xmlbeans.metadata.system.sXMLLANG
[TRACE] 2023-07-24 10:21:24.507 [main] XBeanDebug - Finished loading type system org.apache.xmlbeans.metadata.system.sXMLLANG
[TRACE] 2023-07-24 10:21:24.508 [main] XBeanDebug - Reading unresolved handles for type system org.apache.xmlbeans.metadata.system.sXMLCONFIG
[TRACE] 2023-07-24 10:21:24.509 [main] XBeanDebug - Finished loading type system org.apache.xmlbeans.metadata.system.sXMLCONFIG
[TRACE] 2023-07-24 10:21:24.510 [main] XBeanDebug - Reading unresolved handles for type system org.apache.poi.schemas.ooxml.system.ooxml
[TRACE] 2023-07-24 10:21:24.547 [main] XBeanDebug - Finished loading type system org.apache.poi.schemas.ooxml.system.ooxml
[TRACE] 2023-07-24 10:21:24.548 [main] XBeanDebug - Resolving type for handle themefd26doctype
[TRACE] 2023-07-24 10:21:24.599 [main] XBeanDebug - Resolving type for handle stylesheet5d8bdoctype
[TRACE] 2023-07-24 10:21:24.603 [main] XBeanDebug - Resolving type for handle ctstylesheet4257type
[TRACE] 2023-07-24 10:21:24.608 [main] XBeanDebug - Resolving type for handle ctfonts6623type
[TRACE] 2023-07-24 10:21:24.611 [main] XBeanDebug - Resolving type for handle ctfont14d8type
[TRACE] 2023-07-24 10:21:24.616 [main] XBeanDebug - Resolving type for handle ctfills2c6ftype
[TRACE] 2023-07-24 10:21:24.617 [main] XBeanDebug - Resolving type for handle ctfill550ctype
[TRACE] 2023-07-24 10:21:24.619 [main] XBeanDebug - Resolving type for handle ctborders0d66type
[TRACE] 2023-07-24 10:21:24.621 [main] XBeanDebug - Resolving type for handle ctborderf935type
[TRACE] 2023-07-24 10:21:24.623 [main] XBeanDebug - Resolving type for handle ctcellxfs1322type
[TRACE] 2023-07-24 10:21:24.625 [main] XBeanDebug - Resolving type for handle ctxf97f7type
[TRACE] 2023-07-24 10:21:24.628 [main] XBeanDebug - Resolving type for handle ctcellstylexfsa81ftype
[TRACE] 2023-07-24 10:21:24.629 [main] XBeanDebug - Resolving type for handle ctdxfsb26atype
[TRACE] 2023-07-24 10:21:24.631 [main] XBeanDebug - Resolving type for handle cttablestyles872ftype
[TRACE] 2023-07-24 10:21:24.633 [main] XBeanDebug - Resolving type for handle sstf81fdoctype
[TRACE] 2023-07-24 10:21:24.636 [main] XBeanDebug - Resolving type for handle ctsst44f3type
[TRACE] 2023-07-24 10:21:24.646 [main] XBeanDebug - Resolving type for handle ctrsta472type
[DEBUG] 2023-07-24 10:21:24.662 [main] POIXMLFactory - using default POIXMLDocumentPart for http://schemas.openxmlformats.org/officeDocument/2006/relationships/printerSettings
[TRACE] 2023-07-24 10:21:24.663 [main] XBeanDebug - Resolving type for handle workbookec17doctype
[TRACE] 2023-07-24 10:21:24.669 [main] XBeanDebug - Resolving type for handle ctworkbook83c3type
[TRACE] 2023-07-24 10:21:24.675 [main] XBeanDebug - Resolving type for handle ctsheets49fdtype
[TRACE] 2023-07-24 10:21:24.679 [main] XBeanDebug - Resolving type for handle ctsheet4dbetype
[TRACE] 2023-07-24 10:21:24.683 [main] XBeanDebug - Resolving type for handle strelationshipid1e94type
[TRACE] 2023-07-24 10:21:24.685 [main] XBeanDebug - Resolving type for handle worksheetf539doctype
[TRACE] 2023-07-24 10:21:24.689 [main] XBeanDebug - Resolving type for handle ctworksheet530dtype
[TRACE] 2023-07-24 10:21:24.701 [main] XBeanDebug - Resolving type for handle ctsheetdata8408type
[TRACE] 2023-07-24 10:21:24.703 [main] XBeanDebug - Resolving type for handle ctrowdd39type
[TRACE] 2023-07-24 10:21:24.707 [main] XBeanDebug - Resolving type for handle ctcell842btype
[TRACE] 2023-07-24 10:21:24.714 [main] XBeanDebug - Resolving type for handle stcellrefe4e0type
[TRACE] 2023-07-24 10:21:24.719 [main] XBeanDebug - Resolving type for handle ctcols627ctype
[TRACE] 2023-07-24 10:21:24.729 [main] XBeanDebug - Resolving type for handle stxstringf179type
[TRACE] 2023-07-24 10:21:24.731 [main] XBeanDebug - Resolving type for handle stcelltypebf95type
